<?xml version="1.0" encoding="UTF-8" ?>
<testsuite tests="1" failures="0" name="ImageClassTest" time="0.619" errors="1" skipped="0">
  <properties>
[...]
</properties>
  <testcase classname="ImageClassTest" name="test1" time="0.619">
    <error message="
### Error querying database.  Cause: java.sql.SQLSyntaxErrorException: Table &apos;ssm85bqd1pj.imageclass&apos; doesn&apos;t exist
### The error may exist in com/dao/ImageClassDao.java (best guess)
### The error may involve defaultParameterMap
### The error occurred while setting parameters
### SQL: SELECT id AS id,imageclass,addtime FROM imageclass WHERE id=?
### Cause: java.sql.SQLSyntaxErrorException: Table &apos;ssm85bqd1pj.imageclass&apos; doesn&apos;t exist
; bad SQL grammar []; nested exception is java.sql.SQLSyntaxErrorException: Table &apos;ssm85bqd1pj.imageclass&apos; doesn&apos;t exist" type="org.springframework.jdbc.BadSqlGrammarException">org.springframework.jdbc.BadSqlGrammarException: 
### Error querying database.  Cause: java.sql.SQLSyntaxErrorException: Table &apos;ssm85bqd1pj.imageclass&apos; doesn&apos;t exist
### The error may exist in com/dao/ImageClassDao.java (best guess)
### The error may involve defaultParameterMap
### The error occurred while setting parameters
### SQL: SELECT id AS id,imageclass,addtime FROM imageclass WHERE id=?
### Cause: java.sql.SQLSyntaxErrorException: Table &apos;ssm85bqd1pj.imageclass&apos; doesn&apos;t exist
; bad SQL grammar []; nested exception is java.sql.SQLSyntaxErrorException: Table &apos;ssm85bqd1pj.imageclass&apos; doesn&apos;t exist
	at org.springframework.jdbc.support.SQLErrorCodeSQLExceptionTranslator.doTranslate(SQLErrorCodeSQLExceptionTranslator.java:235)
	at org.springframework.jdbc.support.AbstractFallbackSQLExceptionTranslator.translate(AbstractFallbackSQLExceptionTranslator.java:72)
	at org.mybatis.spring.MyBatisExceptionTranslator.translateExceptionIfPossible(MyBatisExceptionTranslator.java:73)
	at org.mybatis.spring.SqlSessionTemplate$SqlSessionInterceptor.invoke(SqlSessionTemplate.java:446)
	at com.sun.proxy.$Proxy19.selectOne(Unknown Source)
	at org.mybatis.spring.SqlSessionTemplate.selectOne(SqlSessionTemplate.java:166)
	at org.apache.ibatis.binding.MapperMethod.execute(MapperMethod.java:83)
	at org.apache.ibatis.binding.MapperProxy.invoke(MapperProxy.java:59)
	at com.sun.proxy.$Proxy36.selectById(Unknown Source)
	at com.baomidou.mybatisplus.service.impl.ServiceImpl.selectById(ServiceImpl.java:359)
	at sun.reflect.NativeMethodAccessorImpl.invoke0(Native Method)
	at sun.reflect.NativeMethodAccessorImpl.invoke(NativeMethodAccessorImpl.java:62)
	at sun.reflect.DelegatingMethodAccessorImpl.invoke(DelegatingMethodAccessorImpl.java:43)
	at java.lang.reflect.Method.invoke(Method.java:498)
	at org.springframework.aop.support.AopUtils.invokeJoinpointUsingReflection(AopUtils.java:338)
	at org.springframework.aop.framework.ReflectiveMethodInvocation.invokeJoinpoint(ReflectiveMethodInvocation.java:197)
	at org.springframework.aop.framework.ReflectiveMethodInvocation.proceed(ReflectiveMethodInvocation.java:163)
	at org.springframework.aop.interceptor.ExposeInvocationInterceptor.invoke(ExposeInvocationInterceptor.java:92)
	at org.springframework.aop.framework.ReflectiveMethodInvocation.proceed(ReflectiveMethodInvocation.java:185)
	at org.springframework.aop.framework.JdkDynamicAopProxy.invoke(JdkDynamicAopProxy.java:212)
	at com.sun.proxy.$Proxy37.selectById(Unknown Source)
	at ImageClassTest.test1(ImageClassTest.java:47)
	at sun.reflect.NativeMethodAccessorImpl.invoke0(Native Method)
	at sun.reflect.NativeMethodAccessorImpl.invoke(NativeMethodAccessorImpl.java:62)
	at sun.reflect.DelegatingMethodAccessorImpl.invoke(DelegatingMethodAccessorImpl.java:43)
	at java.lang.reflect.Method.invoke(Method.java:498)
	at org.junit.runners.model.FrameworkMethod$1.runReflectiveCall(FrameworkMethod.java:50)
	at org.junit.internal.runners.model.ReflectiveCallable.run(ReflectiveCallable.java:12)
	at org.junit.runners.model.FrameworkMethod.invokeExplosively(FrameworkMethod.java:47)
	at org.junit.internal.runners.statements.InvokeMethod.evaluate(InvokeMethod.java:17)
	at org.junit.runners.ParentRunner.runLeaf(ParentRunner.java:325)
	at org.junit.runners.BlockJUnit4ClassRunner.runChild(BlockJUnit4ClassRunner.java:78)
	at org.junit.runners.BlockJUnit4ClassRunner.runChild(BlockJUnit4ClassRunner.java:57)
	at org.junit.runners.ParentRunner$3.run(ParentRunner.java:290)
	at org.junit.runners.ParentRunner$1.schedule(ParentRunner.java:71)
	at org.junit.runners.ParentRunner.runChildren(ParentRunner.java:288)
	at org.junit.runners.ParentRunner.access$000(ParentRunner.java:58)
	at org.junit.runners.ParentRunner$2.evaluate(ParentRunner.java:268)
	at org.junit.runners.ParentRunner.run(ParentRunner.java:363)
	at org.apache.maven.surefire.junit4.JUnit4Provider.execute(JUnit4Provider.java:252)
	at org.apache.maven.surefire.junit4.JUnit4Provider.executeTestSet(JUnit4Provider.java:141)
	at org.apache.maven.surefire.junit4.JUnit4Provider.invoke(JUnit4Provider.java:112)
	at sun.reflect.NativeMethodAccessorImpl.invoke0(Native Method)
	at sun.reflect.NativeMethodAccessorImpl.invoke(NativeMethodAccessorImpl.java:62)
	at sun.reflect.DelegatingMethodAccessorImpl.invoke(DelegatingMethodAccessorImpl.java:43)
	at java.lang.reflect.Method.invoke(Method.java:498)
	at org.apache.maven.surefire.util.ReflectionUtils.invokeMethodWithArray(ReflectionUtils.java:189)
	at org.apache.maven.surefire.booter.ProviderFactory$ProviderProxy.invoke(ProviderFactory.java:165)
	at org.apache.maven.surefire.booter.ProviderFactory.invokeProvider(ProviderFactory.java:85)
	at org.apache.maven.surefire.booter.ForkedBooter.runSuitesInProcess(ForkedBooter.java:115)
	at org.apache.maven.surefire.booter.ForkedBooter.main(ForkedBooter.java:75)
Caused by: java.sql.SQLSyntaxErrorException: Table &apos;ssm85bqd1pj.imageclass&apos; doesn&apos;t exist
	at com.mysql.cj.jdbc.exceptions.SQLError.createSQLException(SQLError.java:120)
	at com.mysql.cj.jdbc.exceptions.SQLError.createSQLException(SQLError.java:97)
	at com.mysql.cj.jdbc.exceptions.SQLExceptionsMapping.translateException(SQLExceptionsMapping.java:122)
	at com.mysql.cj.jdbc.ClientPreparedStatement.executeInternal(ClientPreparedStatement.java:953)
	at com.mysql.cj.jdbc.ClientPreparedStatement.execute(ClientPreparedStatement.java:370)
	at com.alibaba.druid.filter.FilterChainImpl.preparedStatement_execute(FilterChainImpl.java:3005)
	at com.alibaba.druid.filter.FilterEventAdapter.preparedStatement_execute(FilterEventAdapter.java:440)
	at com.alibaba.druid.filter.FilterChainImpl.preparedStatement_execute(FilterChainImpl.java:3003)
	at com.alibaba.druid.proxy.jdbc.PreparedStatementProxyImpl.execute(PreparedStatementProxyImpl.java:136)
	at com.alibaba.druid.pool.DruidPooledPreparedStatement.execute(DruidPooledPreparedStatement.java:493)
	at sun.reflect.NativeMethodAccessorImpl.invoke0(Native Method)
	at sun.reflect.NativeMethodAccessorImpl.invoke(NativeMethodAccessorImpl.java:62)
	at sun.reflect.DelegatingMethodAccessorImpl.invoke(DelegatingMethodAccessorImpl.java:43)
	at java.lang.reflect.Method.invoke(Method.java:498)
	at org.apache.ibatis.logging.jdbc.PreparedStatementLogger.invoke(PreparedStatementLogger.java:59)
	at com.sun.proxy.$Proxy54.execute(Unknown Source)
	at org.apache.ibatis.executor.statement.PreparedStatementHandler.query(PreparedStatementHandler.java:63)
	at org.apache.ibatis.executor.statement.RoutingStatementHandler.query(RoutingStatementHandler.java:79)
	at sun.reflect.NativeMethodAccessorImpl.invoke0(Native Method)
	at sun.reflect.NativeMethodAccessorImpl.invoke(NativeMethodAccessorImpl.java:62)
	at sun.reflect.DelegatingMethodAccessorImpl.invoke(DelegatingMethodAccessorImpl.java:43)
	at java.lang.reflect.Method.invoke(Method.java:498)
	at org.apache.ibatis.plugin.Plugin.invoke(Plugin.java:63)
	at com.sun.proxy.$Proxy52.query(Unknown Source)
	at org.apache.ibatis.executor.ReuseExecutor.doQuery(ReuseExecutor.java:60)
	at org.apache.ibatis.executor.BaseExecutor.queryFromDatabase(BaseExecutor.java:326)
	at org.apache.ibatis.executor.BaseExecutor.query(BaseExecutor.java:156)
	at org.apache.ibatis.executor.CachingExecutor.query(CachingExecutor.java:109)
	at org.apache.ibatis.executor.CachingExecutor.query(CachingExecutor.java:83)
	at org.apache.ibatis.session.defaults.DefaultSqlSession.selectList(DefaultSqlSession.java:148)
	at org.apache.ibatis.session.defaults.DefaultSqlSession.selectList(DefaultSqlSession.java:141)
	at org.apache.ibatis.session.defaults.DefaultSqlSession.selectOne(DefaultSqlSession.java:77)
	at sun.reflect.NativeMethodAccessorImpl.invoke0(Native Method)
	at sun.reflect.NativeMethodAccessorImpl.invoke(NativeMethodAccessorImpl.java:62)
	at sun.reflect.DelegatingMethodAccessorImpl.invoke(DelegatingMethodAccessorImpl.java:43)
	at java.lang.reflect.Method.invoke(Method.java:498)
	at org.mybatis.spring.SqlSessionTemplate$SqlSessionInterceptor.invoke(SqlSessionTemplate.java:433)
	... 47 more
</error>
    <system-out>01:23:48.154 [main] DEBUG org.springframework.core.env.StandardEnvironment - Adding PropertySource &apos;systemProperties&apos; with lowest search precedence
01:23:48.154 [main] DEBUG org.springframework.core.env.StandardEnvironment - Adding PropertySource &apos;systemEnvironment&apos; with lowest search precedence
01:23:48.155 [main] DEBUG org.springframework.core.env.StandardEnvironment - Initialized StandardEnvironment with PropertySources [MapPropertySource@1220759559 {name=&apos;systemProperties&apos;, properties={idea.version=2021.1.3, java.runtime.name=Java(TM) SE Runtime Environment, sun.boot.library.path=C:\Program Files\Java\jdk1.8.0_333\jdk1.8.0_333\jre\bin, java.vm.version=25.333-b02, user.country.format=NZ, java.vm.vendor=Oracle Corporation, java.vendor.url=http://java.oracle.com/, path.separator=;, java.vm.name=Java HotSpot(TM) 64-Bit Server VM, file.encoding.pkg=sun.io, user.country=CN, user.script=, sun.java.launcher=SUN_STANDARD, sun.os.patch.level=, java.vm.specification.name=Java Virtual Machine Specification, user.dir=C:\Users\RAZER\Desktop\PetPicJournal\PetPicBackend, java.runtime.version=1.8.0_333-b02, basedir=C:\Users\RAZER\Desktop\PetPicJournal\PetPicBackend, java.awt.graphicsenv=sun.awt.Win32GraphicsEnvironment, java.endorsed.dirs=C:\Program Files\Java\jdk1.8.0_333\jdk1.8.0_333\jre\lib\endorsed, os.arch=amd64, surefire.real.class.path=C:\Users\RAZER\Desktop\PetPicJournal\PetPicBackend\target\surefire\surefirebooter2684572050030967239.jar, java.io.tmpdir=C:\Users\RAZER\AppData\Local\Temp\, line.separator=
, java.vm.specification.vendor=Oracle Corporation, user.variant=, os.name=Windows 11, sun.jnu.encoding=GBK, java.library.path=C:\Program Files\Java\jdk1.8.0_333\jdk1.8.0_333\jre\bin;C:\WINDOWS\Sun\Java\bin;C:\WINDOWS\system32;C:\WINDOWS;C:\Program Files\Java\jdk-11\bin;D:\WINDOWS.X64_213000_db_home\bin;C:\Program Files\Common Files\Oracle\Java\javapath;C:\Program Files (x86)\Common Files\Oracle\Java\javapath;D:\py\anaconda3;D:\py\anaconda3\Library\mingw-w64\bin;D:\py\anaconda3\Library\usr\bin;D:\py\anaconda3\Library\bin;D:\py\anaconda3\Scripts;C:\Windows;C:\Program Files\Java\jdk-11\jdk\bin;C:\Program Files\Java\jdk-11\jdk\jre\bin;C:\Users\RAZER\AppData\Roaming\tc\python-3.6.4;C:\Users\RAZER\AppData\Roaming\tc\python-3.6.4\Scripts;C:\Program Files (x86)\Razer Chroma SDK\bin;C:\Program Files\Razer Chroma SDK\bin;C:\Program Files (x86)\VMware\VMware Workstation\bin\;C:\Program Files\Microsoft MPI\Bin\;C:\Program Files (x86)\Razer\ChromaBroadcast\bin;C:\Program Files\Razer\ChromaBroadcast\bin;C:\Windows\system32;C:\Windows\System32\Wbem;C:\Windows\System32\WindowsPowerShell\v1.0\;C:\Windows\System32\OpenSSH\;C:\Program Files (x86)\NVIDIA Corporation\PhysX\Common;C:\Windows\system32\config\systemprofile\AppData\Local\Microsoft\WindowsApps;C:\Program Files\dotnet\;C:\Program Files\Microsoft SQL Server\130\Tools\Binn\;C:\Users\RAZER\AppData\Local\Microsoft\WindowsApps;C:\Users\RAZER\.dotnet\tools;C:\Program Files (x86)\Tencent\΢��web�����߹���\dll;C:\Pro;ram Files\MATLAB\R2022a\bin;C:\WINDOWS\system32;C:\WINDOWS;C:\WINDOWS\System32\Wbem;C:\WINDOWS\System32\WindowsPowerShell\v1.0\;C:\WINDOWS\System32\OpenSSH\;C:\Program Files\Git\cmd;D:\bysj\mysql-5.7.25-winx64\bin;;C:\Program Files\NVIDIA Corporation\NVIDIA NvDLISR;C:\Users\RAZER\AppData\Local\Programs\Python\Python311\Scripts\;C:\Users\RAZER\AppData\Local\Programs\Python\Python311\;C:\Users\RAZER\AppData\Roaming\tc\python-3.6.4;C:\Users\RAZER\AppData\Roaming\tc\python-3.6.4\Scripts;C:\Users\RAZER\AppData\Local\Microsoft\WindowsApps;C:\Users\RAZER\.dotnet\tools;C:\Users\RAZER\AppData\Local\Programs\Microsoft VS Code\bin;C:\Users\RAZER\AppData\Local\GitHubDesktop\bin;;D:\py\PyCharm Community Edition 2022.2.4\bin;;%PyCharm%;., surefire.test.class.path=C:\Users\RAZER\Desktop\PetPicJournal\PetPicBackend\target\test-classes;C:\Users\RAZER\Desktop\PetPicJournal\PetPicBackend\target\classes;C:\Users\RAZER\.m2\repository\org\springframework\spring-core\5.0.0.RELEASE\spring-core-5.0.0.RELEASE.jar;C:\Users\RAZER\.m2\repository\org\springframework\spring-jcl\5.0.0.RELEASE\spring-jcl-5.0.0.RELEASE.jar;C:\Users\RAZER\.m2\repository\org\springframework\spring-context\5.0.0.RELEASE\spring-context-5.0.0.RELEASE.jar;C:\Users\RAZER\.m2\repository\org\springframework\spring-expression\5.0.0.RELEASE\spring-expression-5.0.0.RELEASE.jar;C:\Users\RAZER\.m2\repository\org\springframework\boot\spring-boot-starter-test\2.2.13.RELEASE\spring-boot-starter-test-2.2.13.RELEASE.jar;C:\Users\RAZER\.m2\repository\org\springframework\boot\spring-boot-starter\2.2.13.RELEASE\spring-boot-starter-2.2.13.RELEASE.jar;C:\Users\RAZER\.m2\repository\org\springframework\boot\spring-boot\2.2.13.RELEASE\spring-boot-2.2.13.RELEASE.jar;C:\Users\RAZER\.m2\repository\org\springframework\boot\spring-boot-autoconfigure\2.2.13.RELEASE\spring-boot-autoconfigure-2.2.13.RELEASE.jar;C:\Users\RAZER\.m2\repository\org\springframework\boot\spring-boot-starter-logging\2.2.13.RELEASE\spring-boot-starter-logging-2.2.13.RELEASE.jar;C:\Users\RAZER\.m2\repository\ch\qos\logback\logback-classic\1.2.3\logback-classic-1.2.3.jar;C:\Users\RAZER\.m2\repository\ch\qos\logback\logback-core\1.2.3\logback-core-1.2.3.jar;C:\Users\RAZER\.m2\repository\org\apache\logging\log4j\log4j-to-slf4j\2.12.1\log4j-to-slf4j-2.12.1.jar;C:\Users\RAZER\.m2\repository\org\apache\logging\log4j\log4j-api\2.12.1\log4j-api-2.12.1.jar;C:\Users\RAZER\.m2\repository\org\slf4j\jul-to-slf4j\1.7.30\jul-to-slf4j-1.7.30.jar;C:\Users\RAZER\.m2\repository\jakarta\annotation\jakarta.annotation-api\1.3.5\jakarta.annotation-api-1.3.5.jar;C:\Users\RAZER\.m2\repository\org\yaml\snakeyaml\1.25\snakeyaml-1.25.jar;C:\Users\RAZER\.m2\repository\org\springframework\boot\spring-boot-test\2.2.13.RELEASE\spring-boot-test-2.2.13.RELEASE.jar;C:\Users\RAZER\.m2\repository\org\springframework\boot\spring-boot-test-autoconfigure\2.2.13.RELEASE\spring-boot-test-autoconfigure-2.2.13.RELEASE.jar;C:\Users\RAZER\.m2\repository\com\jayway\jsonpath\json-path\2.4.0\json-path-2.4.0.jar;C:\Users\RAZER\.m2\repository\net\minidev\json-smart\2.3\json-smart-2.3.jar;C:\Users\RAZER\.m2\repository\net\minidev\accessors-smart\1.2\accessors-smart-1.2.jar;C:\Users\RAZER\.m2\repository\org\ow2\asm\asm\5.0.4\asm-5.0.4.jar;C:\Users\RAZER\.m2\repository\jakarta\xml\bind\jakarta.xml.bind-api\2.3.3\jakarta.xml.bind-api-2.3.3.jar;C:\Users\RAZER\.m2\repository\jakarta\activation\jakarta.activation-api\1.2.2\jakarta.activation-api-1.2.2.jar;C:\Users\RAZER\.m2\repository\org\junit\jupiter\junit-jupiter\5.5.2\junit-jupiter-5.5.2.jar;C:\Users\RAZER\.m2\repository\org\junit\jupiter\junit-jupiter-api\5.5.2\junit-jupiter-api-5.5.2.jar;C:\Users\RAZER\.m2\repository\org\opentest4j\opentest4j\1.2.0\opentest4j-1.2.0.jar;C:\Users\RAZER\.m2\repository\org\junit\platform\junit-platform-commons\1.5.2\junit-platform-commons-1.5.2.jar;C:\Users\RAZER\.m2\repository\org\junit\jupiter\junit-jupiter-params\5.5.2\junit-jupiter-params-5.5.2.jar;C:\Users\RAZER\.m2\repository\org\junit\jupiter\junit-jupiter-engine\5.5.2\junit-jupiter-engine-5.5.2.jar;C:\Users\RAZER\.m2\repository\org\junit\vintage\junit-vintage-engine\5.5.2\junit-vintage-engine-5.5.2.jar;C:\Users\RAZER\.m2\repository\org\apiguardian\apiguardian-api\1.1.0\apiguardian-api-1.1.0.jar;C:\Users\RAZER\.m2\repository\org\junit\platform\junit-platform-engine\1.5.2\junit-platform-engine-1.5.2.jar;C:\Users\RAZER\.m2\repository\junit\junit\4.12\junit-4.12.jar;C:\Users\RAZER\.m2\repository\org\mockito\mockito-junit-jupiter\3.1.0\mockito-junit-jupiter-3.1.0.jar;C:\Users\RAZER\.m2\repository\org\assertj\assertj-core\3.13.2\assertj-core-3.13.2.jar;C:\Users\RAZER\.m2\repository\org\hamcrest\hamcrest\2.1\hamcrest-2.1.jar;C:\Users\RAZER\.m2\repository\org\mockito\mockito-core\3.1.0\mockito-core-3.1.0.jar;C:\Users\RAZER\.m2\repository\net\bytebuddy\byte-buddy\1.9.10\byte-buddy-1.9.10.jar;C:\Users\RAZER\.m2\repository\net\bytebuddy\byte-buddy-agent\1.9.10\byte-buddy-agent-1.9.10.jar;C:\Users\RAZER\.m2\repository\org\objenesis\objenesis\2.6\objenesis-2.6.jar;C:\Users\RAZER\.m2\repository\org\skyscreamer\jsonassert\1.5.0\jsonassert-1.5.0.jar;C:\Users\RAZER\.m2\repository\com\vaadin\external\google\android-json\0.0.20131108.vaadin1\android-json-0.0.20131108.vaadin1.jar;C:\Users\RAZER\.m2\repository\org\xmlunit\xmlunit-core\2.6.4\xmlunit-core-2.6.4.jar;C:\Users\RAZER\.m2\repository\org\springframework\spring-context-support\5.0.0.RELEASE\spring-context-support-5.0.0.RELEASE.jar;C:\Users\RAZER\.m2\repository\org\springframework\spring-tx\5.0.0.RELEASE\spring-tx-5.0.0.RELEASE.jar;C:\Users\RAZER\.m2\repository\org\springframework\spring-aop\5.0.0.RELEASE\spring-aop-5.0.0.RELEASE.jar;C:\Users\RAZER\.m2\repository\org\springframework\spring-beans\5.0.0.RELEASE\spring-beans-5.0.0.RELEASE.jar;C:\Users\RAZER\.m2\repository\org\springframework\spring-jdbc\5.0.0.RELEASE\spring-jdbc-5.0.0.RELEASE.jar;C:\Users\RAZER\.m2\repository\org\springframework\spring-web\5.0.0.RELEASE\spring-web-5.0.0.RELEASE.jar;C:\Users\RAZER\.m2\repository\org\springframework\spring-webmvc\5.0.0.RELEASE\spring-webmvc-5.0.0.RELEASE.jar;C:\Users\RAZER\.m2\repository\org\aspectj\aspectjweaver\1.8.8\aspectjweaver-1.8.8.jar;C:\Users\RAZER\.m2\repository\commons-fileupload\commons-fileupload\1.3.1\commons-fileupload-1.3.1.jar;C:\Users\RAZER\.m2\repository\javax\servlet\jstl\1.2\jstl-1.2.jar;C:\Users\RAZER\.m2\repository\com\baomidou\mybatis-plus\2.3\mybatis-plus-2.3.jar;C:\Users\RAZER\.m2\repository\com\baomidou\mybatis-plus-support\2.3\mybatis-plus-support-2.3.jar;C:\Users\RAZER\.m2\repository\com\baomidou\mybatis-plus-core\2.3\mybatis-plus-core-2.3.jar;C:\Users\RAZER\.m2\repository\com\github\jsqlparser\jsqlparser\1.1\jsqlparser-1.1.jar;C:\Users\RAZER\.m2\repository\org\mybatis\mybatis-spring\1.3.2\mybatis-spring-1.3.2.jar;C:\Users\RAZER\.m2\repository\org\mybatis\mybatis\3.4.6\mybatis-3.4.6.jar;C:\Users\RAZER\.m2\repository\com\baomidou\mybatis-plus-generate\2.3\mybatis-plus-generate-2.3.jar;C:\Users\RAZER\.m2\repository\mysql\mysql-connector-java\8.0.20\mysql-connector-java-8.0.20.jar;C:\Users\RAZER\.m2\repository\com\google\protobuf\protobuf-java\3.6.1\protobuf-java-3.6.1.jar;C:\Users\RAZER\.m2\repository\com\alibaba\druid\1.1.0\druid-1.1.0.jar;C:\Program Files\Java\jdk1.8.0_333\jdk1.8.0_333\jre\..\lib\jconsole.jar;C:\Program Files\Java\jdk1.8.0_333\jdk1.8.0_333\jre\..\lib\tools.jar;C:\Users\RAZER\.m2\repository\com\alibaba\fastjson\1.2.8\fastjson-1.2.8.jar;C:\Users\RAZER\.m2\repository\log4j\log4j\1.2.17\log4j-1.2.17.jar;C:\Users\RAZER\.m2\repository\org\slf4j\slf4j-api\1.7.19\slf4j-api-1.7.19.jar;C:\Users\RAZER\.m2\repository\org\slf4j\slf4j-log4j12\1.7.19\slf4j-log4j12-1.7.19.jar;C:\Users\RAZER\.m2\repository\org\springframework\spring-test\4.3.18.RELEASE\spring-test-4.3.18.RELEASE.jar;C:\Users\RAZER\.m2\repository\org\apache\commons\commons-lang3\3.0\commons-lang3-3.0.jar;C:\Users\RAZER\.m2\repository\javax\validation\validation-api\2.0.1.Final\validation-api-2.0.1.Final.jar;C:\Users\RAZER\.m2\repository\commons-io\commons-io\2.5\commons-io-2.5.jar;C:\Users\RAZER\.m2\repository\cn\hutool\hutool-all\4.0.12\hutool-all-4.0.12.jar;C:\Users\RAZER\.m2\repository\org\apache\tomcat\embed\tomcat-embed-core\9.0.29\tomcat-embed-core-9.0.29.jar;C:\Users\RAZER\.m2\repository\org\apache\tomcat\tomcat-annotations-api\9.0.29\tomcat-annotations-api-9.0.29.jar;C:\Users\RAZER\.m2\repository\commons-beanutils\commons-beanutils\1.8.0\commons-beanutils-1.8.0.jar;C:\Users\RAZER\.m2\repository\commons-logging\commons-logging\1.1.1\commons-logging-1.1.1.jar;C:\Users\RAZER\.m2\repository\com\baidu\aip\java-sdk\4.4.1\java-sdk-4.4.1.jar;C:\Users\RAZER\.m2\repository\org\json\json\20160810\json-20160810.jar;C:\Users\RAZER\.m2\repository\com\fasterxml\jackson\core\jackson-annotations\2.10.1\jackson-annotations-2.10.1.jar;C:\Users\RAZER\.m2\repository\com\fasterxml\jackson\core\jackson-databind\2.10.1\jackson-databind-2.10.1.jar;C:\Users\RAZER\.m2\repository\com\fasterxml\jackson\core\jackson-core\2.10.1\jackson-core-2.10.1.jar;C:\Users\RAZER\.m2\repository\org\codehaus\jackson\jackson-mapper-asl\1.9.13\jackson-mapper-asl-1.9.13.jar;C:\Users\RAZER\.m2\repository\org\codehaus\jackson\jackson-core-asl\1.9.13\jackson-core-asl-1.9.13.jar;C:\Users\RAZER\.m2\repository\org\apache\poi\poi\3.11\poi-3.11.jar;C:\Users\RAZER\.m2\repository\commons-codec\commons-codec\1.9\commons-codec-1.9.jar;C:\Users\RAZER\.m2\repository\org\apache\poi\poi-ooxml\3.9\poi-ooxml-3.9.jar;C:\Users\RAZER\.m2\repository\org\apache\poi\poi-ooxml-schemas\3.9\poi-ooxml-schemas-3.9.jar;C:\Users\RAZER\.m2\repository\org\apache\xmlbeans\xmlbeans\2.3.0\xmlbeans-2.3.0.jar;C:\Users\RAZER\.m2\repository\stax\stax-api\1.0.1\stax-api-1.0.1.jar;C:\Users\RAZER\.m2\repository\dom4j\dom4j\1.6.1\dom4j-1.6.1.jar;C:\Users\RAZER\.m2\repository\xml-apis\xml-apis\1.0.b2\xml-apis-1.0.b2.jar;, java.specification.name=Java Platform API Specification, java.class.version=52.0, sun.management.compiler=HotSpot 64-Bit Tiered Compilers, os.version=10.0, user.home=C:\Users\RAZER, user.timezone=Pacific/Auckland, java.awt.printerjob=sun.awt.windows.WPrinterJob, file.encoding=GBK, java.specification.version=1.8, java.class.path=C:\Users\RAZER\Desktop\PetPicJournal\PetPicBackend\target\test-classes;C:\Users\RAZER\Desktop\PetPicJournal\PetPicBackend\target\classes;C:\Users\RAZER\.m2\repository\org\springframework\spring-core\5.0.0.RELEASE\spring-core-5.0.0.RELEASE.jar;C:\Users\RAZER\.m2\repository\org\springframework\spring-jcl\5.0.0.RELEASE\spring-jcl-5.0.0.RELEASE.jar;C:\Users\RAZER\.m2\repository\org\springframework\spring-context\5.0.0.RELEASE\spring-context-5.0.0.RELEASE.jar;C:\Users\RAZER\.m2\repository\org\springframework\spring-expression\5.0.0.RELEASE\spring-expression-5.0.0.RELEASE.jar;C:\Users\RAZER\.m2\repository\org\springframework\boot\spring-boot-starter-test\2.2.13.RELEASE\spring-boot-starter-test-2.2.13.RELEASE.jar;C:\Users\RAZER\.m2\repository\org\springframework\boot\spring-boot-starter\2.2.13.RELEASE\spring-boot-starter-2.2.13.RELEASE.jar;C:\Users\RAZER\.m2\repository\org\springframework\boot\spring-boot\2.2.13.RELEASE\spring-boot-2.2.13.RELEASE.jar;C:\Users\RAZER\.m2\repository\org\springframework\boot\spring-boot-autoconfigure\2.2.13.RELEASE\spring-boot-autoconfigure-2.2.13.RELEASE.jar;C:\Users\RAZER\.m2\repository\org\springframework\boot\spring-boot-starter-logging\2.2.13.RELEASE\spring-boot-starter-logging-2.2.13.RELEASE.jar;C:\Users\RAZER\.m2\repository\ch\qos\logback\logback-classic\1.2.3\logback-classic-1.2.3.jar;C:\Users\RAZER\.m2\repository\ch\qos\logback\logback-core\1.2.3\logback-core-1.2.3.jar;C:\Users\RAZER\.m2\repository\org\apache\logging\log4j\log4j-to-slf4j\2.12.1\log4j-to-slf4j-2.12.1.jar;C:\Users\RAZER\.m2\repository\org\apache\logging\log4j\log4j-api\2.12.1\log4j-api-2.12.1.jar;C:\Users\RAZER\.m2\repository\org\slf4j\jul-to-slf4j\1.7.30\jul-to-slf4j-1.7.30.jar;C:\Users\RAZER\.m2\repository\jakarta\annotation\jakarta.annotation-api\1.3.5\jakarta.annotation-api-1.3.5.jar;C:\Users\RAZER\.m2\repository\org\yaml\snakeyaml\1.25\snakeyaml-1.25.jar;C:\Users\RAZER\.m2\repository\org\springframework\boot\spring-boot-test\2.2.13.RELEASE\spring-boot-test-2.2.13.RELEASE.jar;C:\Users\RAZER\.m2\repository\org\springframework\boot\spring-boot-test-autoconfigure\2.2.13.RELEASE\spring-boot-test-autoconfigure-2.2.13.RELEASE.jar;C:\Users\RAZER\.m2\repository\com\jayway\jsonpath\json-path\2.4.0\json-path-2.4.0.jar;C:\Users\RAZER\.m2\repository\net\minidev\json-smart\2.3\json-smart-2.3.jar;C:\Users\RAZER\.m2\repository\net\minidev\accessors-smart\1.2\accessors-smart-1.2.jar;C:\Users\RAZER\.m2\repository\org\ow2\asm\asm\5.0.4\asm-5.0.4.jar;C:\Users\RAZER\.m2\repository\jakarta\xml\bind\jakarta.xml.bind-api\2.3.3\jakarta.xml.bind-api-2.3.3.jar;C:\Users\RAZER\.m2\repository\jakarta\activation\jakarta.activation-api\1.2.2\jakarta.activation-api-1.2.2.jar;C:\Users\RAZER\.m2\repository\org\junit\jupiter\junit-jupiter\5.5.2\junit-jupiter-5.5.2.jar;C:\Users\RAZER\.m2\repository\org\junit\jupiter\junit-jupiter-api\5.5.2\junit-jupiter-api-5.5.2.jar;C:\Users\RAZER\.m2\repository\org\opentest4j\opentest4j\1.2.0\opentest4j-1.2.0.jar;C:\Users\RAZER\.m2\repository\org\junit\platform\junit-platform-commons\1.5.2\junit-platform-commons-1.5.2.jar;C:\Users\RAZER\.m2\repository\org\junit\jupiter\junit-jupiter-params\5.5.2\junit-jupiter-params-5.5.2.jar;C:\Users\RAZER\.m2\repository\org\junit\jupiter\junit-jupiter-engine\5.5.2\junit-jupiter-engine-5.5.2.jar;C:\Users\RAZER\.m2\repository\org\junit\vintage\junit-vintage-engine\5.5.2\junit-vintage-engine-5.5.2.jar;C:\Users\RAZER\.m2\repository\org\apiguardian\apiguardian-api\1.1.0\apiguardian-api-1.1.0.jar;C:\Users\RAZER\.m2\repository\org\junit\platform\junit-platform-engine\1.5.2\junit-platform-engine-1.5.2.jar;C:\Users\RAZER\.m2\repository\junit\junit\4.12\junit-4.12.jar;C:\Users\RAZER\.m2\repository\org\mockito\mockito-junit-jupiter\3.1.0\mockito-junit-jupiter-3.1.0.jar;C:\Users\RAZER\.m2\repository\org\assertj\assertj-core\3.13.2\assertj-core-3.13.2.jar;C:\Users\RAZER\.m2\repository\org\hamcrest\hamcrest\2.1\hamcrest-2.1.jar;C:\Users\RAZER\.m2\repository\org\mockito\mockito-core\3.1.0\mockito-core-3.1.0.jar;C:\Users\RAZER\.m2\repository\net\bytebuddy\byte-buddy\1.9.10\byte-buddy-1.9.10.jar;C:\Users\RAZER\.m2\repository\net\bytebuddy\byte-buddy-agent\1.9.10\byte-buddy-agent-1.9.10.jar;C:\Users\RAZER\.m2\repository\org\objenesis\objenesis\2.6\objenesis-2.6.jar;C:\Users\RAZER\.m2\repository\org\skyscreamer\jsonassert\1.5.0\jsonassert-1.5.0.jar;C:\Users\RAZER\.m2\repository\com\vaadin\external\google\android-json\0.0.20131108.vaadin1\android-json-0.0.20131108.vaadin1.jar;C:\Users\RAZER\.m2\repository\org\xmlunit\xmlunit-core\2.6.4\xmlunit-core-2.6.4.jar;C:\Users\RAZER\.m2\repository\org\springframework\spring-context-support\5.0.0.RELEASE\spring-context-support-5.0.0.RELEASE.jar;C:\Users\RAZER\.m2\repository\org\springframework\spring-tx\5.0.0.RELEASE\spring-tx-5.0.0.RELEASE.jar;C:\Users\RAZER\.m2\repository\org\springframework\spring-aop\5.0.0.RELEASE\spring-aop-5.0.0.RELEASE.jar;C:\Users\RAZER\.m2\repository\org\springframework\spring-beans\5.0.0.RELEASE\spring-beans-5.0.0.RELEASE.jar;C:\Users\RAZER\.m2\repository\org\springframework\spring-jdbc\5.0.0.RELEASE\spring-jdbc-5.0.0.RELEASE.jar;C:\Users\RAZER\.m2\repository\org\springframework\spring-web\5.0.0.RELEASE\spring-web-5.0.0.RELEASE.jar;C:\Users\RAZER\.m2\repository\org\springframework\spring-webmvc\5.0.0.RELEASE\spring-webmvc-5.0.0.RELEASE.jar;C:\Users\RAZER\.m2\repository\org\aspectj\aspectjweaver\1.8.8\aspectjweaver-1.8.8.jar;C:\Users\RAZER\.m2\repository\commons-fileupload\commons-fileupload\1.3.1\commons-fileupload-1.3.1.jar;C:\Users\RAZER\.m2\repository\javax\servlet\jstl\1.2\jstl-1.2.jar;C:\Users\RAZER\.m2\repository\com\baomidou\mybatis-plus\2.3\mybatis-plus-2.3.jar;C:\Users\RAZER\.m2\repository\com\baomidou\mybatis-plus-support\2.3\mybatis-plus-support-2.3.jar;C:\Users\RAZER\.m2\repository\com\baomidou\mybatis-plus-core\2.3\mybatis-plus-core-2.3.jar;C:\Users\RAZER\.m2\repository\com\github\jsqlparser\jsqlparser\1.1\jsqlparser-1.1.jar;C:\Users\RAZER\.m2\repository\org\mybatis\mybatis-spring\1.3.2\mybatis-spring-1.3.2.jar;C:\Users\RAZER\.m2\repository\org\mybatis\mybatis\3.4.6\mybatis-3.4.6.jar;C:\Users\RAZER\.m2\repository\com\baomidou\mybatis-plus-generate\2.3\mybatis-plus-generate-2.3.jar;C:\Users\RAZER\.m2\repository\mysql\mysql-connector-java\8.0.20\mysql-connector-java-8.0.20.jar;C:\Users\RAZER\.m2\repository\com\google\protobuf\protobuf-java\3.6.1\protobuf-java-3.6.1.jar;C:\Users\RAZER\.m2\repository\com\alibaba\druid\1.1.0\druid-1.1.0.jar;C:\Program Files\Java\jdk1.8.0_333\jdk1.8.0_333\jre\..\lib\jconsole.jar;C:\Program Files\Java\jdk1.8.0_333\jdk1.8.0_333\jre\..\lib\tools.jar;C:\Users\RAZER\.m2\repository\com\alibaba\fastjson\1.2.8\fastjson-1.2.8.jar;C:\Users\RAZER\.m2\repository\log4j\log4j\1.2.17\log4j-1.2.17.jar;C:\Users\RAZER\.m2\repository\org\slf4j\slf4j-api\1.7.19\slf4j-api-1.7.19.jar;C:\Users\RAZER\.m2\repository\org\slf4j\slf4j-log4j12\1.7.19\slf4j-log4j12-1.7.19.jar;C:\Users\RAZER\.m2\repository\org\springframework\spring-test\4.3.18.RELEASE\spring-test-4.3.18.RELEASE.jar;C:\Users\RAZER\.m2\repository\org\apache\commons\commons-lang3\3.0\commons-lang3-3.0.jar;C:\Users\RAZER\.m2\repository\javax\validation\validation-api\2.0.1.Final\validation-api-2.0.1.Final.jar;C:\Users\RAZER\.m2\repository\commons-io\commons-io\2.5\commons-io-2.5.jar;C:\Users\RAZER\.m2\repository\cn\hutool\hutool-all\4.0.12\hutool-all-4.0.12.jar;C:\Users\RAZER\.m2\repository\org\apache\tomcat\embed\tomcat-embed-core\9.0.29\tomcat-embed-core-9.0.29.jar;C:\Users\RAZER\.m2\repository\org\apache\tomcat\tomcat-annotations-api\9.0.29\tomcat-annotations-api-9.0.29.jar;C:\Users\RAZER\.m2\repository\commons-beanutils\commons-beanutils\1.8.0\commons-beanutils-1.8.0.jar;C:\Users\RAZER\.m2\repository\commons-logging\commons-logging\1.1.1\commons-logging-1.1.1.jar;C:\Users\RAZER\.m2\repository\com\baidu\aip\java-sdk\4.4.1\java-sdk-4.4.1.jar;C:\Users\RAZER\.m2\repository\org\json\json\20160810\json-20160810.jar;C:\Users\RAZER\.m2\repository\com\fasterxml\jackson\core\jackson-annotations\2.10.1\jackson-annotations-2.10.1.jar;C:\Users\RAZER\.m2\repository\com\fasterxml\jackson\core\jackson-databind\2.10.1\jackson-databind-2.10.1.jar;C:\Users\RAZER\.m2\repository\com\fasterxml\jackson\core\jackson-core\2.10.1\jackson-core-2.10.1.jar;C:\Users\RAZER\.m2\repository\org\codehaus\jackson\jackson-mapper-asl\1.9.13\jackson-mapper-asl-1.9.13.jar;C:\Users\RAZER\.m2\repository\org\codehaus\jackson\jackson-core-asl\1.9.13\jackson-core-asl-1.9.13.jar;C:\Users\RAZER\.m2\repository\org\apache\poi\poi\3.11\poi-3.11.jar;C:\Users\RAZER\.m2\repository\commons-codec\commons-codec\1.9\commons-codec-1.9.jar;C:\Users\RAZER\.m2\repository\org\apache\poi\poi-ooxml\3.9\poi-ooxml-3.9.jar;C:\Users\RAZER\.m2\repository\org\apache\poi\poi-ooxml-schemas\3.9\poi-ooxml-schemas-3.9.jar;C:\Users\RAZER\.m2\repository\org\apache\xmlbeans\xmlbeans\2.3.0\xmlbeans-2.3.0.jar;C:\Users\RAZER\.m2\repository\stax\stax-api\1.0.1\stax-api-1.0.1.jar;C:\Users\RAZER\.m2\repository\dom4j\dom4j\1.6.1\dom4j-1.6.1.jar;C:\Users\RAZER\.m2\repository\xml-apis\xml-apis\1.0.b2\xml-apis-1.0.b2.jar;, user.name=RAZER, java.vm.specification.version=1.8, sun.java.command=C:\Users\RAZER\Desktop\PetPicJournal\PetPicBackend\target\surefire\surefirebooter2684572050030967239.jar C:\Users\RAZER\Desktop\PetPicJournal\PetPicBackend\target\surefire\surefire5528989024803089364tmp C:\Users\RAZER\Desktop\PetPicJournal\PetPicBackend\target\surefire\surefire_03491191789896222500tmp, java.home=C:\Program Files\Java\jdk1.8.0_333\jdk1.8.0_333\jre, sun.arch.data.model=64, user.language=zh, java.specification.vendor=Oracle Corporation, user.language.format=en, awt.toolkit=sun.awt.windows.WToolkit, java.vm.info=mixed mode, java.version=1.8.0_333, java.ext.dirs=C:\Program Files\Java\jdk1.8.0_333\jdk1.8.0_333\jre\lib\ext;C:\WINDOWS\Sun\Java\lib\ext, sun.boot.class.path=C:\Program Files\Java\jdk1.8.0_333\jdk1.8.0_333\jre\lib\resources.jar;C:\Program Files\Java\jdk1.8.0_333\jdk1.8.0_333\jre\lib\rt.jar;C:\Program Files\Java\jdk1.8.0_333\jdk1.8.0_333\jre\lib\sunrsasign.jar;C:\Program Files\Java\jdk1.8.0_333\jdk1.8.0_333\jre\lib\jsse.jar;C:\Program Files\Java\jdk1.8.0_333\jdk1.8.0_333\jre\lib\jce.jar;C:\Program Files\Java\jdk1.8.0_333\jdk1.8.0_333\jre\lib\charsets.jar;C:\Program Files\Java\jdk1.8.0_333\jdk1.8.0_333\jre\lib\jfr.jar;C:\Program Files\Java\jdk1.8.0_333\jdk1.8.0_333\jre\classes, java.vendor=Oracle Corporation, localRepository=C:\Users\RAZER\.m2\repository, file.separator=\, java.vendor.url.bug=http://bugreport.sun.com/bugreport/, sun.io.unicode.encoding=UnicodeLittle, sun.cpu.endian=little, sun.desktop=windows, sun.cpu.isalist=amd64}}, SystemEnvironmentPropertySource@1923634801 {name=&apos;systemEnvironment&apos;, properties={PATH=C:\Program Files\Java\jdk-11\bin;D:\WINDOWS.X64_213000_db_home\bin;C:\Program Files\Common Files\Oracle\Java\javapath;C:\Program Files (x86)\Common Files\Oracle\Java\javapath;D:\py\anaconda3;D:\py\anaconda3\Library\mingw-w64\bin;D:\py\anaconda3\Library\usr\bin;D:\py\anaconda3\Library\bin;D:\py\anaconda3\Scripts;C:\Windows;C:\Program Files\Java\jdk-11\jdk\bin;C:\Program Files\Java\jdk-11\jdk\jre\bin;C:\Users\RAZER\AppData\Roaming\tc\python-3.6.4;C:\Users\RAZER\AppData\Roaming\tc\python-3.6.4\Scripts;C:\Program Files (x86)\Razer Chroma SDK\bin;C:\Program Files\Razer Chroma SDK\bin;C:\Program Files (x86)\VMware\VMware Workstation\bin\;C:\Program Files\Microsoft MPI\Bin\;C:\Program Files (x86)\Razer\ChromaBroadcast\bin;C:\Program Files\Razer\ChromaBroadcast\bin;C:\Windows\system32;C:\Windows\System32\Wbem;C:\Windows\System32\WindowsPowerShell\v1.0\;C:\Windows\System32\OpenSSH\;C:\Program Files (x86)\NVIDIA Corporation\PhysX\Common;C:\Windows\system32\config\systemprofile\AppData\Local\Microsoft\WindowsApps;C:\Program Files\dotnet\;C:\Program Files\Microsoft SQL Server\130\Tools\Binn\;C:\Users\RAZER\AppData\Local\Microsoft\WindowsApps;C:\Users\RAZER\.dotnet\tools;C:\Program Files (x86)\Tencent\΢��web�����߹���\dll;C:\Pro;ram Files\MATLAB\R2022a\bin;C:\WINDOWS\system32;C:\WINDOWS;C:\WINDOWS\System32\Wbem;C:\WINDOWS\System32\WindowsPowerShell\v1.0\;C:\WINDOWS\System32\OpenSSH\;C:\Program Files\Git\cmd;D:\bysj\mysql-5.7.25-winx64\bin;;C:\Program Files\NVIDIA Corporation\NVIDIA NvDLISR;C:\Users\RAZER\AppData\Local\Programs\Python\Python311\Scripts\;C:\Users\RAZER\AppData\Local\Programs\Python\Python311\;C:\Users\RAZER\AppData\Roaming\tc\python-3.6.4;C:\Users\RAZER\AppData\Roaming\tc\python-3.6.4\Scripts;C:\Users\RAZER\AppData\Local\Microsoft\WindowsApps;C:\Users\RAZER\.dotnet\tools;C:\Users\RAZER\AppData\Local\Programs\Microsoft VS Code\bin;C:\Users\RAZER\AppData\Local\GitHubDesktop\bin;;D:\py\PyCharm Community Edition 2022.2.4\bin;;%PyCharm%, USERDOMAIN_ROAMINGPROFILE=LAPTOP-A7S63IPP, PROCESSOR_LEVEL=6, SYSTEMDRIVE=C:, SESSIONNAME=Console, ALLUSERSPROFILE=C:\ProgramData, PROCESSOR_ARCHITECTURE=AMD64, DRIVERDATA=C:\Windows\System32\Drivers\DriverData, PROGRAMFILES=C:\Program Files, PSMODULEPATH=C:\Program Files\WindowsPowerShell\Modules;C:\WINDOWS\system32\WindowsPowerShell\v1.0\Modules, PROGRAMDATA=C:\ProgramData, USERNAME=RAZER, ONEDRIVE=C:\Users\RAZER\OneDrive, PATHEXT=.COM;.EXE;.BAT;.CMD;.VBS;.VBE;.JS;.JSE;.WSF;.WSH;.MSC, ONEDRIVECONSUMER=C:\Users\RAZER\OneDrive, WINDIR=C:\WINDOWS, HOMEPATH=\Users\RAZER, PROCESSOR_IDENTIFIER=Intel64 Family 6 Model 154 Stepping 3, GenuineIntel, PUBLIC=C:\Users\Public, =::=::\, NVVFX_MODEL_DIR=C:\Program Files\NVIDIA Corporation\NVIDIA Video Effects\models, ZES_ENABLE_SYSMAN=1, PYCHARM COMMUNITY EDITION=D:\py\PyCharm Community Edition 2022.2.4\bin;, LOCALAPPDATA=C:\Users\RAZER\AppData\Local, MSMPI_BIN=C:\Program Files\Microsoft MPI\Bin\, COMMONPROGRAMFILES(X86)=C:\Program Files (x86)\Common Files, USERDOMAIN=LAPTOP-A7S63IPP, LOGONSERVER=\\LAPTOP-A7S63IPP, JAVA_HOME=C:\Program Files\Java\jdk-11\jdk, PROMPT=$P$G, PROGRAMFILES(X86)=C:\Program Files (x86), =C:=C:\Users\RAZER\Desktop\PetPicJournal\PetPicBackend, APPDATA=C:\Users\RAZER\AppData\Roaming, PROGRAMW6432=C:\Program Files, SYSTEMROOT=C:\WINDOWS, OS=Windows_NT, COMMONPROGRAMW6432=C:\Program Files\Common Files, COMPUTERNAME=LAPTOP-A7S63IPP, COMMONPROGRAMFILES=C:\Program Files\Common Files, COMSPEC=C:\WINDOWS\system32\cmd.exe, EFC_35708=1, PROCESSOR_REVISION=9a03, CLASSPATH=.;C:\Program Files\Java\jdk-11\jdk\lib\dt.jar;C:\Program Files\Java\jdk-11\jdklib\tools.jar, TEMP=C:\Users\RAZER\AppData\Local\Temp, HOMEDRIVE=C:, USERPROFILE=C:\Users\RAZER, TMP=C:\Users\RAZER\AppData\Local\Temp, NUMBER_OF_PROCESSORS=20, IDEA_INITIAL_DIRECTORY=C:\Users\RAZER\Desktop}}]
01:23:48.155 [main] INFO org.springframework.context.support.ClassPathXmlApplicationContext - Refreshing org.springframework.context.support.ClassPathXmlApplicationContext@24fb6a80: startup date [Tue Oct 17 01:23:48 NZDT 2023]; root of context hierarchy
01:23:48.155 [main] DEBUG org.springframework.core.env.StandardEnvironment - Adding PropertySource &apos;systemProperties&apos; with lowest search precedence
01:23:48.155 [main] DEBUG org.springframework.core.env.StandardEnvironment - Adding PropertySource &apos;systemEnvironment&apos; with lowest search precedence
01:23:48.155 [main] DEBUG org.springframework.core.env.StandardEnvironment - Initialized StandardEnvironment with PropertySources [MapPropertySource@1730337646 {name=&apos;systemProperties&apos;, properties={idea.version=2021.1.3, java.runtime.name=Java(TM) SE Runtime Environment, sun.boot.library.path=C:\Program Files\Java\jdk1.8.0_333\jdk1.8.0_333\jre\bin, java.vm.version=25.333-b02, user.country.format=NZ, java.vm.vendor=Oracle Corporation, java.vendor.url=http://java.oracle.com/, path.separator=;, java.vm.name=Java HotSpot(TM) 64-Bit Server VM, file.encoding.pkg=sun.io, user.country=CN, user.script=, sun.java.launcher=SUN_STANDARD, sun.os.patch.level=, java.vm.specification.name=Java Virtual Machine Specification, user.dir=C:\Users\RAZER\Desktop\PetPicJournal\PetPicBackend, java.runtime.version=1.8.0_333-b02, basedir=C:\Users\RAZER\Desktop\PetPicJournal\PetPicBackend, java.awt.graphicsenv=sun.awt.Win32GraphicsEnvironment, java.endorsed.dirs=C:\Program Files\Java\jdk1.8.0_333\jdk1.8.0_333\jre\lib\endorsed, os.arch=amd64, surefire.real.class.path=C:\Users\RAZER\Desktop\PetPicJournal\PetPicBackend\target\surefire\surefirebooter2684572050030967239.jar, java.io.tmpdir=C:\Users\RAZER\AppData\Local\Temp\, line.separator=
, java.vm.specification.vendor=Oracle Corporation, user.variant=, os.name=Windows 11, sun.jnu.encoding=GBK, java.library.path=C:\Program Files\Java\jdk1.8.0_333\jdk1.8.0_333\jre\bin;C:\WINDOWS\Sun\Java\bin;C:\WINDOWS\system32;C:\WINDOWS;C:\Program Files\Java\jdk-11\bin;D:\WINDOWS.X64_213000_db_home\bin;C:\Program Files\Common Files\Oracle\Java\javapath;C:\Program Files (x86)\Common Files\Oracle\Java\javapath;D:\py\anaconda3;D:\py\anaconda3\Library\mingw-w64\bin;D:\py\anaconda3\Library\usr\bin;D:\py\anaconda3\Library\bin;D:\py\anaconda3\Scripts;C:\Windows;C:\Program Files\Java\jdk-11\jdk\bin;C:\Program Files\Java\jdk-11\jdk\jre\bin;C:\Users\RAZER\AppData\Roaming\tc\python-3.6.4;C:\Users\RAZER\AppData\Roaming\tc\python-3.6.4\Scripts;C:\Program Files (x86)\Razer Chroma SDK\bin;C:\Program Files\Razer Chroma SDK\bin;C:\Program Files (x86)\VMware\VMware Workstation\bin\;C:\Program Files\Microsoft MPI\Bin\;C:\Program Files (x86)\Razer\ChromaBroadcast\bin;C:\Program Files\Razer\ChromaBroadcast\bin;C:\Windows\system32;C:\Windows\System32\Wbem;C:\Windows\System32\WindowsPowerShell\v1.0\;C:\Windows\System32\OpenSSH\;C:\Program Files (x86)\NVIDIA Corporation\PhysX\Common;C:\Windows\system32\config\systemprofile\AppData\Local\Microsoft\WindowsApps;C:\Program Files\dotnet\;C:\Program Files\Microsoft SQL Server\130\Tools\Binn\;C:\Users\RAZER\AppData\Local\Microsoft\WindowsApps;C:\Users\RAZER\.dotnet\tools;C:\Program Files (x86)\Tencent\΢��web�����߹���\dll;C:\Pro;ram Files\MATLAB\R2022a\bin;C:\WINDOWS\system32;C:\WINDOWS;C:\WINDOWS\System32\Wbem;C:\WINDOWS\System32\WindowsPowerShell\v1.0\;C:\WINDOWS\System32\OpenSSH\;C:\Program Files\Git\cmd;D:\bysj\mysql-5.7.25-winx64\bin;;C:\Program Files\NVIDIA Corporation\NVIDIA NvDLISR;C:\Users\RAZER\AppData\Local\Programs\Python\Python311\Scripts\;C:\Users\RAZER\AppData\Local\Programs\Python\Python311\;C:\Users\RAZER\AppData\Roaming\tc\python-3.6.4;C:\Users\RAZER\AppData\Roaming\tc\python-3.6.4\Scripts;C:\Users\RAZER\AppData\Local\Microsoft\WindowsApps;C:\Users\RAZER\.dotnet\tools;C:\Users\RAZER\AppData\Local\Programs\Microsoft VS Code\bin;C:\Users\RAZER\AppData\Local\GitHubDesktop\bin;;D:\py\PyCharm Community Edition 2022.2.4\bin;;%PyCharm%;., surefire.test.class.path=C:\Users\RAZER\Desktop\PetPicJournal\PetPicBackend\target\test-classes;C:\Users\RAZER\Desktop\PetPicJournal\PetPicBackend\target\classes;C:\Users\RAZER\.m2\repository\org\springframework\spring-core\5.0.0.RELEASE\spring-core-5.0.0.RELEASE.jar;C:\Users\RAZER\.m2\repository\org\springframework\spring-jcl\5.0.0.RELEASE\spring-jcl-5.0.0.RELEASE.jar;C:\Users\RAZER\.m2\repository\org\springframework\spring-context\5.0.0.RELEASE\spring-context-5.0.0.RELEASE.jar;C:\Users\RAZER\.m2\repository\org\springframework\spring-expression\5.0.0.RELEASE\spring-expression-5.0.0.RELEASE.jar;C:\Users\RAZER\.m2\repository\org\springframework\boot\spring-boot-starter-test\2.2.13.RELEASE\spring-boot-starter-test-2.2.13.RELEASE.jar;C:\Users\RAZER\.m2\repository\org\springframework\boot\spring-boot-starter\2.2.13.RELEASE\spring-boot-starter-2.2.13.RELEASE.jar;C:\Users\RAZER\.m2\repository\org\springframework\boot\spring-boot\2.2.13.RELEASE\spring-boot-2.2.13.RELEASE.jar;C:\Users\RAZER\.m2\repository\org\springframework\boot\spring-boot-autoconfigure\2.2.13.RELEASE\spring-boot-autoconfigure-2.2.13.RELEASE.jar;C:\Users\RAZER\.m2\repository\org\springframework\boot\spring-boot-starter-logging\2.2.13.RELEASE\spring-boot-starter-logging-2.2.13.RELEASE.jar;C:\Users\RAZER\.m2\repository\ch\qos\logback\logback-classic\1.2.3\logback-classic-1.2.3.jar;C:\Users\RAZER\.m2\repository\ch\qos\logback\logback-core\1.2.3\logback-core-1.2.3.jar;C:\Users\RAZER\.m2\repository\org\apache\logging\log4j\log4j-to-slf4j\2.12.1\log4j-to-slf4j-2.12.1.jar;C:\Users\RAZER\.m2\repository\org\apache\logging\log4j\log4j-api\2.12.1\log4j-api-2.12.1.jar;C:\Users\RAZER\.m2\repository\org\slf4j\jul-to-slf4j\1.7.30\jul-to-slf4j-1.7.30.jar;C:\Users\RAZER\.m2\repository\jakarta\annotation\jakarta.annotation-api\1.3.5\jakarta.annotation-api-1.3.5.jar;C:\Users\RAZER\.m2\repository\org\yaml\snakeyaml\1.25\snakeyaml-1.25.jar;C:\Users\RAZER\.m2\repository\org\springframework\boot\spring-boot-test\2.2.13.RELEASE\spring-boot-test-2.2.13.RELEASE.jar;C:\Users\RAZER\.m2\repository\org\springframework\boot\spring-boot-test-autoconfigure\2.2.13.RELEASE\spring-boot-test-autoconfigure-2.2.13.RELEASE.jar;C:\Users\RAZER\.m2\repository\com\jayway\jsonpath\json-path\2.4.0\json-path-2.4.0.jar;C:\Users\RAZER\.m2\repository\net\minidev\json-smart\2.3\json-smart-2.3.jar;C:\Users\RAZER\.m2\repository\net\minidev\accessors-smart\1.2\accessors-smart-1.2.jar;C:\Users\RAZER\.m2\repository\org\ow2\asm\asm\5.0.4\asm-5.0.4.jar;C:\Users\RAZER\.m2\repository\jakarta\xml\bind\jakarta.xml.bind-api\2.3.3\jakarta.xml.bind-api-2.3.3.jar;C:\Users\RAZER\.m2\repository\jakarta\activation\jakarta.activation-api\1.2.2\jakarta.activation-api-1.2.2.jar;C:\Users\RAZER\.m2\repository\org\junit\jupiter\junit-jupiter\5.5.2\junit-jupiter-5.5.2.jar;C:\Users\RAZER\.m2\repository\org\junit\jupiter\junit-jupiter-api\5.5.2\junit-jupiter-api-5.5.2.jar;C:\Users\RAZER\.m2\repository\org\opentest4j\opentest4j\1.2.0\opentest4j-1.2.0.jar;C:\Users\RAZER\.m2\repository\org\junit\platform\junit-platform-commons\1.5.2\junit-platform-commons-1.5.2.jar;C:\Users\RAZER\.m2\repository\org\junit\jupiter\junit-jupiter-params\5.5.2\junit-jupiter-params-5.5.2.jar;C:\Users\RAZER\.m2\repository\org\junit\jupiter\junit-jupiter-engine\5.5.2\junit-jupiter-engine-5.5.2.jar;C:\Users\RAZER\.m2\repository\org\junit\vintage\junit-vintage-engine\5.5.2\junit-vintage-engine-5.5.2.jar;C:\Users\RAZER\.m2\repository\org\apiguardian\apiguardian-api\1.1.0\apiguardian-api-1.1.0.jar;C:\Users\RAZER\.m2\repository\org\junit\platform\junit-platform-engine\1.5.2\junit-platform-engine-1.5.2.jar;C:\Users\RAZER\.m2\repository\junit\junit\4.12\junit-4.12.jar;C:\Users\RAZER\.m2\repository\org\mockito\mockito-junit-jupiter\3.1.0\mockito-junit-jupiter-3.1.0.jar;C:\Users\RAZER\.m2\repository\org\assertj\assertj-core\3.13.2\assertj-core-3.13.2.jar;C:\Users\RAZER\.m2\repository\org\hamcrest\hamcrest\2.1\hamcrest-2.1.jar;C:\Users\RAZER\.m2\repository\org\mockito\mockito-core\3.1.0\mockito-core-3.1.0.jar;C:\Users\RAZER\.m2\repository\net\bytebuddy\byte-buddy\1.9.10\byte-buddy-1.9.10.jar;C:\Users\RAZER\.m2\repository\net\bytebuddy\byte-buddy-agent\1.9.10\byte-buddy-agent-1.9.10.jar;C:\Users\RAZER\.m2\repository\org\objenesis\objenesis\2.6\objenesis-2.6.jar;C:\Users\RAZER\.m2\repository\org\skyscreamer\jsonassert\1.5.0\jsonassert-1.5.0.jar;C:\Users\RAZER\.m2\repository\com\vaadin\external\google\android-json\0.0.20131108.vaadin1\android-json-0.0.20131108.vaadin1.jar;C:\Users\RAZER\.m2\repository\org\xmlunit\xmlunit-core\2.6.4\xmlunit-core-2.6.4.jar;C:\Users\RAZER\.m2\repository\org\springframework\spring-context-support\5.0.0.RELEASE\spring-context-support-5.0.0.RELEASE.jar;C:\Users\RAZER\.m2\repository\org\springframework\spring-tx\5.0.0.RELEASE\spring-tx-5.0.0.RELEASE.jar;C:\Users\RAZER\.m2\repository\org\springframework\spring-aop\5.0.0.RELEASE\spring-aop-5.0.0.RELEASE.jar;C:\Users\RAZER\.m2\repository\org\springframework\spring-beans\5.0.0.RELEASE\spring-beans-5.0.0.RELEASE.jar;C:\Users\RAZER\.m2\repository\org\springframework\spring-jdbc\5.0.0.RELEASE\spring-jdbc-5.0.0.RELEASE.jar;C:\Users\RAZER\.m2\repository\org\springframework\spring-web\5.0.0.RELEASE\spring-web-5.0.0.RELEASE.jar;C:\Users\RAZER\.m2\repository\org\springframework\spring-webmvc\5.0.0.RELEASE\spring-webmvc-5.0.0.RELEASE.jar;C:\Users\RAZER\.m2\repository\org\aspectj\aspectjweaver\1.8.8\aspectjweaver-1.8.8.jar;C:\Users\RAZER\.m2\repository\commons-fileupload\commons-fileupload\1.3.1\commons-fileupload-1.3.1.jar;C:\Users\RAZER\.m2\repository\javax\servlet\jstl\1.2\jstl-1.2.jar;C:\Users\RAZER\.m2\repository\com\baomidou\mybatis-plus\2.3\mybatis-plus-2.3.jar;C:\Users\RAZER\.m2\repository\com\baomidou\mybatis-plus-support\2.3\mybatis-plus-support-2.3.jar;C:\Users\RAZER\.m2\repository\com\baomidou\mybatis-plus-core\2.3\mybatis-plus-core-2.3.jar;C:\Users\RAZER\.m2\repository\com\github\jsqlparser\jsqlparser\1.1\jsqlparser-1.1.jar;C:\Users\RAZER\.m2\repository\org\mybatis\mybatis-spring\1.3.2\mybatis-spring-1.3.2.jar;C:\Users\RAZER\.m2\repository\org\mybatis\mybatis\3.4.6\mybatis-3.4.6.jar;C:\Users\RAZER\.m2\repository\com\baomidou\mybatis-plus-generate\2.3\mybatis-plus-generate-2.3.jar;C:\Users\RAZER\.m2\repository\mysql\mysql-connector-java\8.0.20\mysql-connector-java-8.0.20.jar;C:\Users\RAZER\.m2\repository\com\google\protobuf\protobuf-java\3.6.1\protobuf-java-3.6.1.jar;C:\Users\RAZER\.m2\repository\com\alibaba\druid\1.1.0\druid-1.1.0.jar;C:\Program Files\Java\jdk1.8.0_333\jdk1.8.0_333\jre\..\lib\jconsole.jar;C:\Program Files\Java\jdk1.8.0_333\jdk1.8.0_333\jre\..\lib\tools.jar;C:\Users\RAZER\.m2\repository\com\alibaba\fastjson\1.2.8\fastjson-1.2.8.jar;C:\Users\RAZER\.m2\repository\log4j\log4j\1.2.17\log4j-1.2.17.jar;C:\Users\RAZER\.m2\repository\org\slf4j\slf4j-api\1.7.19\slf4j-api-1.7.19.jar;C:\Users\RAZER\.m2\repository\org\slf4j\slf4j-log4j12\1.7.19\slf4j-log4j12-1.7.19.jar;C:\Users\RAZER\.m2\repository\org\springframework\spring-test\4.3.18.RELEASE\spring-test-4.3.18.RELEASE.jar;C:\Users\RAZER\.m2\repository\org\apache\commons\commons-lang3\3.0\commons-lang3-3.0.jar;C:\Users\RAZER\.m2\repository\javax\validation\validation-api\2.0.1.Final\validation-api-2.0.1.Final.jar;C:\Users\RAZER\.m2\repository\commons-io\commons-io\2.5\commons-io-2.5.jar;C:\Users\RAZER\.m2\repository\cn\hutool\hutool-all\4.0.12\hutool-all-4.0.12.jar;C:\Users\RAZER\.m2\repository\org\apache\tomcat\embed\tomcat-embed-core\9.0.29\tomcat-embed-core-9.0.29.jar;C:\Users\RAZER\.m2\repository\org\apache\tomcat\tomcat-annotations-api\9.0.29\tomcat-annotations-api-9.0.29.jar;C:\Users\RAZER\.m2\repository\commons-beanutils\commons-beanutils\1.8.0\commons-beanutils-1.8.0.jar;C:\Users\RAZER\.m2\repository\commons-logging\commons-logging\1.1.1\commons-logging-1.1.1.jar;C:\Users\RAZER\.m2\repository\com\baidu\aip\java-sdk\4.4.1\java-sdk-4.4.1.jar;C:\Users\RAZER\.m2\repository\org\json\json\20160810\json-20160810.jar;C:\Users\RAZER\.m2\repository\com\fasterxml\jackson\core\jackson-annotations\2.10.1\jackson-annotations-2.10.1.jar;C:\Users\RAZER\.m2\repository\com\fasterxml\jackson\core\jackson-databind\2.10.1\jackson-databind-2.10.1.jar;C:\Users\RAZER\.m2\repository\com\fasterxml\jackson\core\jackson-core\2.10.1\jackson-core-2.10.1.jar;C:\Users\RAZER\.m2\repository\org\codehaus\jackson\jackson-mapper-asl\1.9.13\jackson-mapper-asl-1.9.13.jar;C:\Users\RAZER\.m2\repository\org\codehaus\jackson\jackson-core-asl\1.9.13\jackson-core-asl-1.9.13.jar;C:\Users\RAZER\.m2\repository\org\apache\poi\poi\3.11\poi-3.11.jar;C:\Users\RAZER\.m2\repository\commons-codec\commons-codec\1.9\commons-codec-1.9.jar;C:\Users\RAZER\.m2\repository\org\apache\poi\poi-ooxml\3.9\poi-ooxml-3.9.jar;C:\Users\RAZER\.m2\repository\org\apache\poi\poi-ooxml-schemas\3.9\poi-ooxml-schemas-3.9.jar;C:\Users\RAZER\.m2\repository\org\apache\xmlbeans\xmlbeans\2.3.0\xmlbeans-2.3.0.jar;C:\Users\RAZER\.m2\repository\stax\stax-api\1.0.1\stax-api-1.0.1.jar;C:\Users\RAZER\.m2\repository\dom4j\dom4j\1.6.1\dom4j-1.6.1.jar;C:\Users\RAZER\.m2\repository\xml-apis\xml-apis\1.0.b2\xml-apis-1.0.b2.jar;, java.specification.name=Java Platform API Specification, java.class.version=52.0, sun.management.compiler=HotSpot 64-Bit Tiered Compilers, os.version=10.0, user.home=C:\Users\RAZER, user.timezone=Pacific/Auckland, java.awt.printerjob=sun.awt.windows.WPrinterJob, file.encoding=GBK, java.specification.version=1.8, java.class.path=C:\Users\RAZER\Desktop\PetPicJournal\PetPicBackend\target\test-classes;C:\Users\RAZER\Desktop\PetPicJournal\PetPicBackend\target\classes;C:\Users\RAZER\.m2\repository\org\springframework\spring-core\5.0.0.RELEASE\spring-core-5.0.0.RELEASE.jar;C:\Users\RAZER\.m2\repository\org\springframework\spring-jcl\5.0.0.RELEASE\spring-jcl-5.0.0.RELEASE.jar;C:\Users\RAZER\.m2\repository\org\springframework\spring-context\5.0.0.RELEASE\spring-context-5.0.0.RELEASE.jar;C:\Users\RAZER\.m2\repository\org\springframework\spring-expression\5.0.0.RELEASE\spring-expression-5.0.0.RELEASE.jar;C:\Users\RAZER\.m2\repository\org\springframework\boot\spring-boot-starter-test\2.2.13.RELEASE\spring-boot-starter-test-2.2.13.RELEASE.jar;C:\Users\RAZER\.m2\repository\org\springframework\boot\spring-boot-starter\2.2.13.RELEASE\spring-boot-starter-2.2.13.RELEASE.jar;C:\Users\RAZER\.m2\repository\org\springframework\boot\spring-boot\2.2.13.RELEASE\spring-boot-2.2.13.RELEASE.jar;C:\Users\RAZER\.m2\repository\org\springframework\boot\spring-boot-autoconfigure\2.2.13.RELEASE\spring-boot-autoconfigure-2.2.13.RELEASE.jar;C:\Users\RAZER\.m2\repository\org\springframework\boot\spring-boot-starter-logging\2.2.13.RELEASE\spring-boot-starter-logging-2.2.13.RELEASE.jar;C:\Users\RAZER\.m2\repository\ch\qos\logback\logback-classic\1.2.3\logback-classic-1.2.3.jar;C:\Users\RAZER\.m2\repository\ch\qos\logback\logback-core\1.2.3\logback-core-1.2.3.jar;C:\Users\RAZER\.m2\repository\org\apache\logging\log4j\log4j-to-slf4j\2.12.1\log4j-to-slf4j-2.12.1.jar;C:\Users\RAZER\.m2\repository\org\apache\logging\log4j\log4j-api\2.12.1\log4j-api-2.12.1.jar;C:\Users\RAZER\.m2\repository\org\slf4j\jul-to-slf4j\1.7.30\jul-to-slf4j-1.7.30.jar;C:\Users\RAZER\.m2\repository\jakarta\annotation\jakarta.annotation-api\1.3.5\jakarta.annotation-api-1.3.5.jar;C:\Users\RAZER\.m2\repository\org\yaml\snakeyaml\1.25\snakeyaml-1.25.jar;C:\Users\RAZER\.m2\repository\org\springframework\boot\spring-boot-test\2.2.13.RELEASE\spring-boot-test-2.2.13.RELEASE.jar;C:\Users\RAZER\.m2\repository\org\springframework\boot\spring-boot-test-autoconfigure\2.2.13.RELEASE\spring-boot-test-autoconfigure-2.2.13.RELEASE.jar;C:\Users\RAZER\.m2\repository\com\jayway\jsonpath\json-path\2.4.0\json-path-2.4.0.jar;C:\Users\RAZER\.m2\repository\net\minidev\json-smart\2.3\json-smart-2.3.jar;C:\Users\RAZER\.m2\repository\net\minidev\accessors-smart\1.2\accessors-smart-1.2.jar;C:\Users\RAZER\.m2\repository\org\ow2\asm\asm\5.0.4\asm-5.0.4.jar;C:\Users\RAZER\.m2\repository\jakarta\xml\bind\jakarta.xml.bind-api\2.3.3\jakarta.xml.bind-api-2.3.3.jar;C:\Users\RAZER\.m2\repository\jakarta\activation\jakarta.activation-api\1.2.2\jakarta.activation-api-1.2.2.jar;C:\Users\RAZER\.m2\repository\org\junit\jupiter\junit-jupiter\5.5.2\junit-jupiter-5.5.2.jar;C:\Users\RAZER\.m2\repository\org\junit\jupiter\junit-jupiter-api\5.5.2\junit-jupiter-api-5.5.2.jar;C:\Users\RAZER\.m2\repository\org\opentest4j\opentest4j\1.2.0\opentest4j-1.2.0.jar;C:\Users\RAZER\.m2\repository\org\junit\platform\junit-platform-commons\1.5.2\junit-platform-commons-1.5.2.jar;C:\Users\RAZER\.m2\repository\org\junit\jupiter\junit-jupiter-params\5.5.2\junit-jupiter-params-5.5.2.jar;C:\Users\RAZER\.m2\repository\org\junit\jupiter\junit-jupiter-engine\5.5.2\junit-jupiter-engine-5.5.2.jar;C:\Users\RAZER\.m2\repository\org\junit\vintage\junit-vintage-engine\5.5.2\junit-vintage-engine-5.5.2.jar;C:\Users\RAZER\.m2\repository\org\apiguardian\apiguardian-api\1.1.0\apiguardian-api-1.1.0.jar;C:\Users\RAZER\.m2\repository\org\junit\platform\junit-platform-engine\1.5.2\junit-platform-engine-1.5.2.jar;C:\Users\RAZER\.m2\repository\junit\junit\4.12\junit-4.12.jar;C:\Users\RAZER\.m2\repository\org\mockito\mockito-junit-jupiter\3.1.0\mockito-junit-jupiter-3.1.0.jar;C:\Users\RAZER\.m2\repository\org\assertj\assertj-core\3.13.2\assertj-core-3.13.2.jar;C:\Users\RAZER\.m2\repository\org\hamcrest\hamcrest\2.1\hamcrest-2.1.jar;C:\Users\RAZER\.m2\repository\org\mockito\mockito-core\3.1.0\mockito-core-3.1.0.jar;C:\Users\RAZER\.m2\repository\net\bytebuddy\byte-buddy\1.9.10\byte-buddy-1.9.10.jar;C:\Users\RAZER\.m2\repository\net\bytebuddy\byte-buddy-agent\1.9.10\byte-buddy-agent-1.9.10.jar;C:\Users\RAZER\.m2\repository\org\objenesis\objenesis\2.6\objenesis-2.6.jar;C:\Users\RAZER\.m2\repository\org\skyscreamer\jsonassert\1.5.0\jsonassert-1.5.0.jar;C:\Users\RAZER\.m2\repository\com\vaadin\external\google\android-json\0.0.20131108.vaadin1\android-json-0.0.20131108.vaadin1.jar;C:\Users\RAZER\.m2\repository\org\xmlunit\xmlunit-core\2.6.4\xmlunit-core-2.6.4.jar;C:\Users\RAZER\.m2\repository\org\springframework\spring-context-support\5.0.0.RELEASE\spring-context-support-5.0.0.RELEASE.jar;C:\Users\RAZER\.m2\repository\org\springframework\spring-tx\5.0.0.RELEASE\spring-tx-5.0.0.RELEASE.jar;C:\Users\RAZER\.m2\repository\org\springframework\spring-aop\5.0.0.RELEASE\spring-aop-5.0.0.RELEASE.jar;C:\Users\RAZER\.m2\repository\org\springframework\spring-beans\5.0.0.RELEASE\spring-beans-5.0.0.RELEASE.jar;C:\Users\RAZER\.m2\repository\org\springframework\spring-jdbc\5.0.0.RELEASE\spring-jdbc-5.0.0.RELEASE.jar;C:\Users\RAZER\.m2\repository\org\springframework\spring-web\5.0.0.RELEASE\spring-web-5.0.0.RELEASE.jar;C:\Users\RAZER\.m2\repository\org\springframework\spring-webmvc\5.0.0.RELEASE\spring-webmvc-5.0.0.RELEASE.jar;C:\Users\RAZER\.m2\repository\org\aspectj\aspectjweaver\1.8.8\aspectjweaver-1.8.8.jar;C:\Users\RAZER\.m2\repository\commons-fileupload\commons-fileupload\1.3.1\commons-fileupload-1.3.1.jar;C:\Users\RAZER\.m2\repository\javax\servlet\jstl\1.2\jstl-1.2.jar;C:\Users\RAZER\.m2\repository\com\baomidou\mybatis-plus\2.3\mybatis-plus-2.3.jar;C:\Users\RAZER\.m2\repository\com\baomidou\mybatis-plus-support\2.3\mybatis-plus-support-2.3.jar;C:\Users\RAZER\.m2\repository\com\baomidou\mybatis-plus-core\2.3\mybatis-plus-core-2.3.jar;C:\Users\RAZER\.m2\repository\com\github\jsqlparser\jsqlparser\1.1\jsqlparser-1.1.jar;C:\Users\RAZER\.m2\repository\org\mybatis\mybatis-spring\1.3.2\mybatis-spring-1.3.2.jar;C:\Users\RAZER\.m2\repository\org\mybatis\mybatis\3.4.6\mybatis-3.4.6.jar;C:\Users\RAZER\.m2\repository\com\baomidou\mybatis-plus-generate\2.3\mybatis-plus-generate-2.3.jar;C:\Users\RAZER\.m2\repository\mysql\mysql-connector-java\8.0.20\mysql-connector-java-8.0.20.jar;C:\Users\RAZER\.m2\repository\com\google\protobuf\protobuf-java\3.6.1\protobuf-java-3.6.1.jar;C:\Users\RAZER\.m2\repository\com\alibaba\druid\1.1.0\druid-1.1.0.jar;C:\Program Files\Java\jdk1.8.0_333\jdk1.8.0_333\jre\..\lib\jconsole.jar;C:\Program Files\Java\jdk1.8.0_333\jdk1.8.0_333\jre\..\lib\tools.jar;C:\Users\RAZER\.m2\repository\com\alibaba\fastjson\1.2.8\fastjson-1.2.8.jar;C:\Users\RAZER\.m2\repository\log4j\log4j\1.2.17\log4j-1.2.17.jar;C:\Users\RAZER\.m2\repository\org\slf4j\slf4j-api\1.7.19\slf4j-api-1.7.19.jar;C:\Users\RAZER\.m2\repository\org\slf4j\slf4j-log4j12\1.7.19\slf4j-log4j12-1.7.19.jar;C:\Users\RAZER\.m2\repository\org\springframework\spring-test\4.3.18.RELEASE\spring-test-4.3.18.RELEASE.jar;C:\Users\RAZER\.m2\repository\org\apache\commons\commons-lang3\3.0\commons-lang3-3.0.jar;C:\Users\RAZER\.m2\repository\javax\validation\validation-api\2.0.1.Final\validation-api-2.0.1.Final.jar;C:\Users\RAZER\.m2\repository\commons-io\commons-io\2.5\commons-io-2.5.jar;C:\Users\RAZER\.m2\repository\cn\hutool\hutool-all\4.0.12\hutool-all-4.0.12.jar;C:\Users\RAZER\.m2\repository\org\apache\tomcat\embed\tomcat-embed-core\9.0.29\tomcat-embed-core-9.0.29.jar;C:\Users\RAZER\.m2\repository\org\apache\tomcat\tomcat-annotations-api\9.0.29\tomcat-annotations-api-9.0.29.jar;C:\Users\RAZER\.m2\repository\commons-beanutils\commons-beanutils\1.8.0\commons-beanutils-1.8.0.jar;C:\Users\RAZER\.m2\repository\commons-logging\commons-logging\1.1.1\commons-logging-1.1.1.jar;C:\Users\RAZER\.m2\repository\com\baidu\aip\java-sdk\4.4.1\java-sdk-4.4.1.jar;C:\Users\RAZER\.m2\repository\org\json\json\20160810\json-20160810.jar;C:\Users\RAZER\.m2\repository\com\fasterxml\jackson\core\jackson-annotations\2.10.1\jackson-annotations-2.10.1.jar;C:\Users\RAZER\.m2\repository\com\fasterxml\jackson\core\jackson-databind\2.10.1\jackson-databind-2.10.1.jar;C:\Users\RAZER\.m2\repository\com\fasterxml\jackson\core\jackson-core\2.10.1\jackson-core-2.10.1.jar;C:\Users\RAZER\.m2\repository\org\codehaus\jackson\jackson-mapper-asl\1.9.13\jackson-mapper-asl-1.9.13.jar;C:\Users\RAZER\.m2\repository\org\codehaus\jackson\jackson-core-asl\1.9.13\jackson-core-asl-1.9.13.jar;C:\Users\RAZER\.m2\repository\org\apache\poi\poi\3.11\poi-3.11.jar;C:\Users\RAZER\.m2\repository\commons-codec\commons-codec\1.9\commons-codec-1.9.jar;C:\Users\RAZER\.m2\repository\org\apache\poi\poi-ooxml\3.9\poi-ooxml-3.9.jar;C:\Users\RAZER\.m2\repository\org\apache\poi\poi-ooxml-schemas\3.9\poi-ooxml-schemas-3.9.jar;C:\Users\RAZER\.m2\repository\org\apache\xmlbeans\xmlbeans\2.3.0\xmlbeans-2.3.0.jar;C:\Users\RAZER\.m2\repository\stax\stax-api\1.0.1\stax-api-1.0.1.jar;C:\Users\RAZER\.m2\repository\dom4j\dom4j\1.6.1\dom4j-1.6.1.jar;C:\Users\RAZER\.m2\repository\xml-apis\xml-apis\1.0.b2\xml-apis-1.0.b2.jar;, user.name=RAZER, java.vm.specification.version=1.8, sun.java.command=C:\Users\RAZER\Desktop\PetPicJournal\PetPicBackend\target\surefire\surefirebooter2684572050030967239.jar C:\Users\RAZER\Desktop\PetPicJournal\PetPicBackend\target\surefire\surefire5528989024803089364tmp C:\Users\RAZER\Desktop\PetPicJournal\PetPicBackend\target\surefire\surefire_03491191789896222500tmp, java.home=C:\Program Files\Java\jdk1.8.0_333\jdk1.8.0_333\jre, sun.arch.data.model=64, user.language=zh, java.specification.vendor=Oracle Corporation, user.language.format=en, awt.toolkit=sun.awt.windows.WToolkit, java.vm.info=mixed mode, java.version=1.8.0_333, java.ext.dirs=C:\Program Files\Java\jdk1.8.0_333\jdk1.8.0_333\jre\lib\ext;C:\WINDOWS\Sun\Java\lib\ext, sun.boot.class.path=C:\Program Files\Java\jdk1.8.0_333\jdk1.8.0_333\jre\lib\resources.jar;C:\Program Files\Java\jdk1.8.0_333\jdk1.8.0_333\jre\lib\rt.jar;C:\Program Files\Java\jdk1.8.0_333\jdk1.8.0_333\jre\lib\sunrsasign.jar;C:\Program Files\Java\jdk1.8.0_333\jdk1.8.0_333\jre\lib\jsse.jar;C:\Program Files\Java\jdk1.8.0_333\jdk1.8.0_333\jre\lib\jce.jar;C:\Program Files\Java\jdk1.8.0_333\jdk1.8.0_333\jre\lib\charsets.jar;C:\Program Files\Java\jdk1.8.0_333\jdk1.8.0_333\jre\lib\jfr.jar;C:\Program Files\Java\jdk1.8.0_333\jdk1.8.0_333\jre\classes, java.vendor=Oracle Corporation, localRepository=C:\Users\RAZER\.m2\repository, file.separator=\, java.vendor.url.bug=http://bugreport.sun.com/bugreport/, sun.io.unicode.encoding=UnicodeLittle, sun.cpu.endian=little, sun.desktop=windows, sun.cpu.isalist=amd64}}, SystemEnvironmentPropertySource@418513504 {name=&apos;systemEnvironment&apos;, properties={PATH=C:\Program Files\Java\jdk-11\bin;D:\WINDOWS.X64_213000_db_home\bin;C:\Program Files\Common Files\Oracle\Java\javapath;C:\Program Files (x86)\Common Files\Oracle\Java\javapath;D:\py\anaconda3;D:\py\anaconda3\Library\mingw-w64\bin;D:\py\anaconda3\Library\usr\bin;D:\py\anaconda3\Library\bin;D:\py\anaconda3\Scripts;C:\Windows;C:\Program Files\Java\jdk-11\jdk\bin;C:\Program Files\Java\jdk-11\jdk\jre\bin;C:\Users\RAZER\AppData\Roaming\tc\python-3.6.4;C:\Users\RAZER\AppData\Roaming\tc\python-3.6.4\Scripts;C:\Program Files (x86)\Razer Chroma SDK\bin;C:\Program Files\Razer Chroma SDK\bin;C:\Program Files (x86)\VMware\VMware Workstation\bin\;C:\Program Files\Microsoft MPI\Bin\;C:\Program Files (x86)\Razer\ChromaBroadcast\bin;C:\Program Files\Razer\ChromaBroadcast\bin;C:\Windows\system32;C:\Windows\System32\Wbem;C:\Windows\System32\WindowsPowerShell\v1.0\;C:\Windows\System32\OpenSSH\;C:\Program Files (x86)\NVIDIA Corporation\PhysX\Common;C:\Windows\system32\config\systemprofile\AppData\Local\Microsoft\WindowsApps;C:\Program Files\dotnet\;C:\Program Files\Microsoft SQL Server\130\Tools\Binn\;C:\Users\RAZER\AppData\Local\Microsoft\WindowsApps;C:\Users\RAZER\.dotnet\tools;C:\Program Files (x86)\Tencent\΢��web�����߹���\dll;C:\Pro;ram Files\MATLAB\R2022a\bin;C:\WINDOWS\system32;C:\WINDOWS;C:\WINDOWS\System32\Wbem;C:\WINDOWS\System32\WindowsPowerShell\v1.0\;C:\WINDOWS\System32\OpenSSH\;C:\Program Files\Git\cmd;D:\bysj\mysql-5.7.25-winx64\bin;;C:\Program Files\NVIDIA Corporation\NVIDIA NvDLISR;C:\Users\RAZER\AppData\Local\Programs\Python\Python311\Scripts\;C:\Users\RAZER\AppData\Local\Programs\Python\Python311\;C:\Users\RAZER\AppData\Roaming\tc\python-3.6.4;C:\Users\RAZER\AppData\Roaming\tc\python-3.6.4\Scripts;C:\Users\RAZER\AppData\Local\Microsoft\WindowsApps;C:\Users\RAZER\.dotnet\tools;C:\Users\RAZER\AppData\Local\Programs\Microsoft VS Code\bin;C:\Users\RAZER\AppData\Local\GitHubDesktop\bin;;D:\py\PyCharm Community Edition 2022.2.4\bin;;%PyCharm%, USERDOMAIN_ROAMINGPROFILE=LAPTOP-A7S63IPP, PROCESSOR_LEVEL=6, SYSTEMDRIVE=C:, SESSIONNAME=Console, ALLUSERSPROFILE=C:\ProgramData, PROCESSOR_ARCHITECTURE=AMD64, DRIVERDATA=C:\Windows\System32\Drivers\DriverData, PROGRAMFILES=C:\Program Files, PSMODULEPATH=C:\Program Files\WindowsPowerShell\Modules;C:\WINDOWS\system32\WindowsPowerShell\v1.0\Modules, PROGRAMDATA=C:\ProgramData, USERNAME=RAZER, ONEDRIVE=C:\Users\RAZER\OneDrive, PATHEXT=.COM;.EXE;.BAT;.CMD;.VBS;.VBE;.JS;.JSE;.WSF;.WSH;.MSC, ONEDRIVECONSUMER=C:\Users\RAZER\OneDrive, WINDIR=C:\WINDOWS, HOMEPATH=\Users\RAZER, PROCESSOR_IDENTIFIER=Intel64 Family 6 Model 154 Stepping 3, GenuineIntel, PUBLIC=C:\Users\Public, =::=::\, NVVFX_MODEL_DIR=C:\Program Files\NVIDIA Corporation\NVIDIA Video Effects\models, ZES_ENABLE_SYSMAN=1, PYCHARM COMMUNITY EDITION=D:\py\PyCharm Community Edition 2022.2.4\bin;, LOCALAPPDATA=C:\Users\RAZER\AppData\Local, MSMPI_BIN=C:\Program Files\Microsoft MPI\Bin\, COMMONPROGRAMFILES(X86)=C:\Program Files (x86)\Common Files, USERDOMAIN=LAPTOP-A7S63IPP, LOGONSERVER=\\LAPTOP-A7S63IPP, JAVA_HOME=C:\Program Files\Java\jdk-11\jdk, PROMPT=$P$G, PROGRAMFILES(X86)=C:\Program Files (x86), =C:=C:\Users\RAZER\Desktop\PetPicJournal\PetPicBackend, APPDATA=C:\Users\RAZER\AppData\Roaming, PROGRAMW6432=C:\Program Files, SYSTEMROOT=C:\WINDOWS, OS=Windows_NT, COMMONPROGRAMW6432=C:\Program Files\Common Files, COMPUTERNAME=LAPTOP-A7S63IPP, COMMONPROGRAMFILES=C:\Program Files\Common Files, COMSPEC=C:\WINDOWS\system32\cmd.exe, EFC_35708=1, PROCESSOR_REVISION=9a03, CLASSPATH=.;C:\Program Files\Java\jdk-11\jdk\lib\dt.jar;C:\Program Files\Java\jdk-11\jdklib\tools.jar, TEMP=C:\Users\RAZER\AppData\Local\Temp, HOMEDRIVE=C:, USERPROFILE=C:\Users\RAZER, TMP=C:\Users\RAZER\AppData\Local\Temp, NUMBER_OF_PROCESSORS=20, IDEA_INITIAL_DIRECTORY=C:\Users\RAZER\Desktop}}]
01:23:48.156 [main] INFO org.springframework.beans.factory.xml.XmlBeanDefinitionReader - Loading XML bean definitions from class path resource [spring/spring.xml]
01:23:48.157 [main] DEBUG org.springframework.beans.factory.xml.DefaultDocumentLoader - Using JAXP provider [com.sun.org.apache.xerces.internal.jaxp.DocumentBuilderFactoryImpl]
01:23:48.158 [main] DEBUG org.springframework.beans.factory.xml.PluggableSchemaResolver - Loading schema mappings from [META-INF/spring.schemas]
01:23:48.159 [main] DEBUG org.springframework.beans.factory.xml.PluggableSchemaResolver - Loaded schema mappings: {http://www.springframework.org/schema/tx/spring-tx-2.5.xsd=org/springframework/transaction/config/spring-tx.xsd, http://www.springframework.org/schema/tx/spring-tx-4.3.xsd=org/springframework/transaction/config/spring-tx.xsd, http://www.springframework.org/schema/cache/spring-cache-4.2.xsd=org/springframework/cache/config/spring-cache.xsd, http://www.springframework.org/schema/aop/spring-aop-4.1.xsd=org/springframework/aop/config/spring-aop.xsd, http://www.springframework.org/schema/context/spring-context-3.1.xsd=org/springframework/context/config/spring-context.xsd, http://www.springframework.org/schema/jdbc/spring-jdbc-4.1.xsd=org/springframework/jdbc/config/spring-jdbc.xsd, http://www.springframework.org/schema/mvc/spring-mvc-4.1.xsd=org/springframework/web/servlet/config/spring-mvc.xsd, http://www.springframework.org/schema/util/spring-util-3.0.xsd=org/springframework/beans/factory/xml/spring-util.xsd, http://mybatis.org/schema/mybatis-spring-1.2.xsd=org/mybatis/spring/config/mybatis-spring-1.2.xsd, http://www.springframework.org/schema/tool/spring-tool.xsd=org/springframework/beans/factory/xml/spring-tool.xsd, http://www.springframework.org/schema/aop/spring-aop-3.2.xsd=org/springframework/aop/config/spring-aop.xsd, http://www.springframework.org/schema/lang/spring-lang-4.1.xsd=org/springframework/scripting/config/spring-lang.xsd, http://www.springframework.org/schema/context/spring-context-4.0.xsd=org/springframework/context/config/spring-context.xsd, http://www.springframework.org/schema/mvc/spring-mvc-3.2.xsd=org/springframework/web/servlet/config/spring-mvc.xsd, http://www.springframework.org/schema/beans/spring-beans-4.2.xsd=org/springframework/beans/factory/xml/spring-beans.xsd, http://www.springframework.org/schema/tool/spring-tool-4.1.xsd=org/springframework/beans/factory/xml/spring-tool.xsd, http://www.springframework.org/schema/lang/spring-lang-3.2.xsd=org/springframework/scripting/config/spring-lang.xsd, http://www.springframework.org/schema/cache/spring-cache-3.2.xsd=org/springframework/cache/config/spring-cache.xsd, http://www.springframework.org/schema/jee/spring-jee-4.1.xsd=org/springframework/ejb/config/spring-jee.xsd, http://www.springframework.org/schema/jdbc/spring-jdbc-3.1.xsd=org/springframework/jdbc/config/spring-jdbc.xsd, http://www.springframework.org/schema/util/spring-util-2.0.xsd=org/springframework/beans/factory/xml/spring-util.xsd, http://www.springframework.org/schema/task/spring-task-4.2.xsd=org/springframework/scheduling/config/spring-task.xsd, http://www.springframework.org/schema/tool/spring-tool-3.2.xsd=org/springframework/beans/factory/xml/spring-tool.xsd, http://www.springframework.org/schema/context/spring-context.xsd=org/springframework/context/config/spring-context.xsd, http://www.springframework.org/schema/tx/spring-tx-4.2.xsd=org/springframework/transaction/config/spring-tx.xsd, http://www.springframework.org/schema/cache/spring-cache-4.1.xsd=org/springframework/cache/config/spring-cache.xsd, http://www.springframework.org/schema/aop/spring-aop-4.0.xsd=org/springframework/aop/config/spring-aop.xsd, http://www.springframework.org/schema/jee/spring-jee-3.2.xsd=org/springframework/ejb/config/spring-jee.xsd, http://www.springframework.org/schema/context/spring-context-3.0.xsd=org/springframework/context/config/spring-context.xsd, http://www.springframework.org/schema/jdbc/spring-jdbc-4.0.xsd=org/springframework/jdbc/config/spring-jdbc.xsd, http://www.springframework.org/schema/mvc/spring-mvc-4.0.xsd=org/springframework/web/servlet/config/spring-mvc.xsd, http://www.springframework.org/schema/util/spring-util-4.3.xsd=org/springframework/beans/factory/xml/spring-util.xsd, http://www.springframework.org/schema/util/spring-util-2.5.xsd=org/springframework/beans/factory/xml/spring-util.xsd, http://www.springframework.org/schema/beans/spring-beans-3.2.xsd=org/springframework/beans/factory/xml/spring-beans.xsd, http://www.springframework.org/schema/aop/spring-aop-3.1.xsd=org/springframework/aop/config/spring-aop.xsd, http://www.springframework.org/schema/lang/spring-lang-4.0.xsd=org/springframework/scripting/config/spring-lang.xsd, http://www.springframework.org/schema/mvc/spring-mvc.xsd=org/springframework/web/servlet/config/spring-mvc.xsd, http://www.springframework.org/schema/mvc/spring-mvc-3.1.xsd=org/springframework/web/servlet/config/spring-mvc.xsd, http://www.springframework.org/schema/beans/spring-beans-4.1.xsd=org/springframework/beans/factory/xml/spring-beans.xsd, http://www.springframework.org/schema/tool/spring-tool-4.0.xsd=org/springframework/beans/factory/xml/spring-tool.xsd, http://www.springframework.org/schema/lang/spring-lang-3.1.xsd=org/springframework/scripting/config/spring-lang.xsd, http://www.springframework.org/schema/tx/spring-tx-3.2.xsd=org/springframework/transaction/config/spring-tx.xsd, http://www.springframework.org/schema/cache/spring-cache-3.1.xsd=org/springframework/cache/config/spring-cache.xsd, http://www.springframework.org/schema/jee/spring-jee-4.0.xsd=org/springframework/ejb/config/spring-jee.xsd, http://www.springframework.org/schema/jdbc/spring-jdbc-3.0.xsd=org/springframework/jdbc/config/spring-jdbc.xsd, http://www.springframework.org/schema/task/spring-task-4.1.xsd=org/springframework/scheduling/config/spring-task.xsd, http://www.springframework.org/schema/jdbc/spring-jdbc.xsd=org/springframework/jdbc/config/spring-jdbc.xsd, http://www.springframework.org/schema/tool/spring-tool-3.1.xsd=org/springframework/beans/factory/xml/spring-tool.xsd, http://www.springframework.org/schema/tx/spring-tx-4.1.xsd=org/springframework/transaction/config/spring-tx.xsd, http://www.springframework.org/schema/cache/spring-cache-4.0.xsd=org/springframework/cache/config/spring-cache.xsd, http://www.springframework.org/schema/jee/spring-jee-3.1.xsd=org/springframework/ejb/config/spring-jee.xsd, http://www.springframework.org/schema/util/spring-util-4.2.xsd=org/springframework/beans/factory/xml/spring-util.xsd, http://www.springframework.org/schema/task/spring-task-3.2.xsd=org/springframework/scheduling/config/spring-task.xsd, http://www.springframework.org/schema/beans/spring-beans-3.1.xsd=org/springframework/beans/factory/xml/spring-beans.xsd, http://www.springframework.org/schema/util/spring-util.xsd=org/springframework/beans/factory/xml/spring-util.xsd, http://www.springframework.org/schema/aop/spring-aop-3.0.xsd=org/springframework/aop/config/spring-aop.xsd, http://www.springframework.org/schema/mvc/spring-mvc-3.0.xsd=org/springframework/web/servlet/config/spring-mvc.xsd, http://www.springframework.org/schema/beans/spring-beans-4.0.xsd=org/springframework/beans/factory/xml/spring-beans.xsd, http://www.springframework.org/schema/beans/spring-beans.xsd=org/springframework/beans/factory/xml/spring-beans.xsd, http://mybatis.org/schema/mybatis-spring.xsd=org/mybatis/spring/config/mybatis-spring-1.2.xsd, http://www.springframework.org/schema/lang/spring-lang-3.0.xsd=org/springframework/scripting/config/spring-lang.xsd, http://www.springframework.org/schema/tx/spring-tx-3.1.xsd=org/springframework/transaction/config/spring-tx.xsd, http://www.springframework.org/schema/context/spring-context-2.5.xsd=org/springframework/context/config/spring-context.xsd, http://www.springframework.org/schema/context/spring-context-4.3.xsd=org/springframework/context/config/spring-context.xsd, http://www.springframework.org/schema/task/spring-task-4.0.xsd=org/springframework/scheduling/config/spring-task.xsd, http://www.springframework.org/schema/tool/spring-tool-3.0.xsd=org/springframework/beans/factory/xml/spring-tool.xsd, http://www.springframework.org/schema/tx/spring-tx-4.0.xsd=org/springframework/transaction/config/spring-tx.xsd, http://www.springframework.org/schema/aop/spring-aop-2.0.xsd=org/springframework/aop/config/spring-aop.xsd, http://www.springframework.org/schema/jee/spring-jee-3.0.xsd=org/springframework/ejb/config/spring-jee.xsd, http://www.springframework.org/schema/util/spring-util-4.1.xsd=org/springframework/beans/factory/xml/spring-util.xsd, http://www.springframework.org/schema/task/spring-task-3.1.xsd=org/springframework/scheduling/config/spring-task.xsd, http://www.springframework.org/schema/beans/spring-beans-3.0.xsd=org/springframework/beans/factory/xml/spring-beans.xsd, http://www.springframework.org/schema/jee/spring-jee.xsd=org/springframework/ejb/config/spring-jee.xsd, http://www.springframework.org/schema/aop/spring-aop-2.5.xsd=org/springframework/aop/config/spring-aop.xsd, http://www.springframework.org/schema/aop/spring-aop-4.3.xsd=org/springframework/aop/config/spring-aop.xsd, http://www.springframework.org/schema/lang/spring-lang-2.0.xsd=org/springframework/scripting/config/spring-lang.xsd, http://www.springframework.org/schema/jdbc/spring-jdbc-4.3.xsd=org/springframework/jdbc/config/spring-jdbc.xsd, http://www.springframework.org/schema/mvc/spring-mvc-4.3.xsd=org/springframework/web/servlet/config/spring-mvc.xsd, http://www.springframework.org/schema/util/spring-util-3.2.xsd=org/springframework/beans/factory/xml/spring-util.xsd, http://www.springframework.org/schema/task/spring-task.xsd=org/springframework/scheduling/config/spring-task.xsd, http://www.springframework.org/schema/tool/spring-tool-2.0.xsd=org/springframework/beans/factory/xml/spring-tool.xsd, http://www.springframework.org/schema/tx/spring-tx-3.0.xsd=org/springframework/transaction/config/spring-tx.xsd, http://www.springframework.org/schema/lang/spring-lang-2.5.xsd=org/springframework/scripting/config/spring-lang.xsd, http://www.springframework.org/schema/lang/spring-lang-4.3.xsd=org/springframework/scripting/config/spring-lang.xsd, http://www.springframework.org/schema/context/spring-context-4.2.xsd=org/springframework/context/config/spring-context.xsd, http://www.springframework.org/schema/jee/spring-jee-2.0.xsd=org/springframework/ejb/config/spring-jee.xsd, http://www.springframework.org/schema/tool/spring-tool-4.3.xsd=org/springframework/beans/factory/xml/spring-tool.xsd, http://www.springframework.org/schema/tool/spring-tool-2.5.xsd=org/springframework/beans/factory/xml/spring-tool.xsd, http://www.springframework.org/schema/jee/spring-jee-4.3.xsd=org/springframework/ejb/config/spring-jee.xsd, http://www.springframework.org/schema/jee/spring-jee-2.5.xsd=org/springframework/ejb/config/spring-jee.xsd, http://www.springframework.org/schema/util/spring-util-4.0.xsd=org/springframework/beans/factory/xml/spring-util.xsd, http://www.springframework.org/schema/task/spring-task-3.0.xsd=org/springframework/scheduling/config/spring-task.xsd, http://www.springframework.org/schema/cache/spring-cache-4.3.xsd=org/springframework/cache/config/spring-cache.xsd, http://www.springframework.org/schema/aop/spring-aop-4.2.xsd=org/springframework/aop/config/spring-aop.xsd, http://www.springframework.org/schema/lang/spring-lang.xsd=org/springframework/scripting/config/spring-lang.xsd, http://www.springframework.org/schema/context/spring-context-3.2.xsd=org/springframework/context/config/spring-context.xsd, http://www.springframework.org/schema/jdbc/spring-jdbc-4.2.xsd=org/springframework/jdbc/config/spring-jdbc.xsd, http://www.springframework.org/schema/mvc/spring-mvc-4.2.xsd=org/springframework/web/servlet/config/spring-mvc.xsd, http://www.springframework.org/schema/util/spring-util-3.1.xsd=org/springframework/beans/factory/xml/spring-util.xsd, http://www.springframework.org/schema/beans/spring-beans-2.0.xsd=org/springframework/beans/factory/xml/spring-beans.xsd, http://www.springframework.org/schema/cache/spring-cache.xsd=org/springframework/cache/config/spring-cache.xsd, http://www.springframework.org/schema/tx/spring-tx.xsd=org/springframework/transaction/config/spring-tx.xsd, http://www.springframework.org/schema/lang/spring-lang-4.2.xsd=org/springframework/scripting/config/spring-lang.xsd, http://www.springframework.org/schema/context/spring-context-4.1.xsd=org/springframework/context/config/spring-context.xsd, http://www.springframework.org/schema/beans/spring-beans-4.3.xsd=org/springframework/beans/factory/xml/spring-beans.xsd, http://www.springframework.org/schema/beans/spring-beans-2.5.xsd=org/springframework/beans/factory/xml/spring-beans.xsd, http://www.springframework.org/schema/tool/spring-tool-4.2.xsd=org/springframework/beans/factory/xml/spring-tool.xsd, http://www.springframework.org/schema/tx/spring-tx-2.0.xsd=org/springframework/transaction/config/spring-tx.xsd, http://www.alibaba.com/schema/stat.xsd=META-INF/stat.xsd, http://www.springframework.org/schema/jee/spring-jee-4.2.xsd=org/springframework/ejb/config/spring-jee.xsd, http://www.springframework.org/schema/jdbc/spring-jdbc-3.2.xsd=org/springframework/jdbc/config/spring-jdbc.xsd, http://www.springframework.org/schema/task/spring-task-4.3.xsd=org/springframework/scheduling/config/spring-task.xsd, http://www.springframework.org/schema/aop/spring-aop.xsd=org/springframework/aop/config/spring-aop.xsd}
01:23:48.159 [main] DEBUG org.springframework.beans.factory.xml.PluggableSchemaResolver - Found XML schema [http://www.springframework.org/schema/beans/spring-beans.xsd] in classpath: org/springframework/beans/factory/xml/spring-beans.xsd
01:23:48.163 [main] DEBUG org.springframework.beans.factory.xml.PluggableSchemaResolver - Found XML schema [http://www.springframework.org/schema/context/spring-context.xsd] in classpath: org/springframework/context/config/spring-context.xsd
01:23:48.164 [main] DEBUG org.springframework.beans.factory.xml.PluggableSchemaResolver - Found XML schema [http://www.springframework.org/schema/tool/spring-tool.xsd] in classpath: org/springframework/beans/factory/xml/spring-tool.xsd
01:23:48.166 [main] DEBUG org.springframework.beans.factory.xml.DefaultBeanDefinitionDocumentReader - Loading bean definitions
[...]
\mockito-core\3.1.0\mockito-core-3.1.0.jar;C:\Users\RAZER\.m2\repository\net\bytebuddy\byte-buddy\1.9.10\byte-buddy-1.9.10.jar;C:\Users\RAZER\.m2\repository\net\bytebuddy\byte-buddy-agent\1.9.10\byte-buddy-agent-1.9.10.jar;C:\Users\RAZER\.m2\repository\org\objenesis\objenesis\2.6\objenesis-2.6.jar;C:\Users\RAZER\.m2\repository\org\skyscreamer\jsonassert\1.5.0\jsonassert-1.5.0.jar;C:\Users\RAZER\.m2\repository\com\vaadin\external\google\android-json\0.0.20131108.vaadin1\android-json-0.0.20131108.vaadin1.jar;C:\Users\RAZER\.m2\repository\org\xmlunit\xmlunit-core\2.6.4\xmlunit-core-2.6.4.jar;C:\Users\RAZER\.m2\repository\org\springframework\spring-context-support\5.0.0.RELEASE\spring-context-support-5.0.0.RELEASE.jar;C:\Users\RAZER\.m2\repository\org\springframework\spring-tx\5.0.0.RELEASE\spring-tx-5.0.0.RELEASE.jar;C:\Users\RAZER\.m2\repository\org\springframework\spring-aop\5.0.0.RELEASE\spring-aop-5.0.0.RELEASE.jar;C:\Users\RAZER\.m2\repository\org\springframework\spring-beans\5.0.0.RELEASE\spring-beans-5.0.0.RELEASE.jar;C:\Users\RAZER\.m2\repository\org\springframework\spring-jdbc\5.0.0.RELEASE\spring-jdbc-5.0.0.RELEASE.jar;C:\Users\RAZER\.m2\repository\org\springframework\spring-web\5.0.0.RELEASE\spring-web-5.0.0.RELEASE.jar;C:\Users\RAZER\.m2\repository\org\springframework\spring-webmvc\5.0.0.RELEASE\spring-webmvc-5.0.0.RELEASE.jar;C:\Users\RAZER\.m2\repository\org\aspectj\aspectjweaver\1.8.8\aspectjweaver-1.8.8.jar;C:\Users\RAZER\.m2\repository\commons-fileupload\commons-fileupload\1.3.1\commons-fileupload-1.3.1.jar;C:\Users\RAZER\.m2\repository\javax\servlet\jstl\1.2\jstl-1.2.jar;C:\Users\RAZER\.m2\repository\com\baomidou\mybatis-plus\2.3\mybatis-plus-2.3.jar;C:\Users\RAZER\.m2\repository\com\baomidou\mybatis-plus-support\2.3\mybatis-plus-support-2.3.jar;C:\Users\RAZER\.m2\repository\com\baomidou\mybatis-plus-core\2.3\mybatis-plus-core-2.3.jar;C:\Users\RAZER\.m2\repository\com\github\jsqlparser\jsqlparser\1.1\jsqlparser-1.1.jar;C:\Users\RAZER\.m2\repository\org\mybatis\mybatis-spring\1.3.2\mybatis-spring-1.3.2.jar;C:\Users\RAZER\.m2\repository\org\mybatis\mybatis\3.4.6\mybatis-3.4.6.jar;C:\Users\RAZER\.m2\repository\com\baomidou\mybatis-plus-generate\2.3\mybatis-plus-generate-2.3.jar;C:\Users\RAZER\.m2\repository\mysql\mysql-connector-java\8.0.20\mysql-connector-java-8.0.20.jar;C:\Users\RAZER\.m2\repository\com\google\protobuf\protobuf-java\3.6.1\protobuf-java-3.6.1.jar;C:\Users\RAZER\.m2\repository\com\alibaba\druid\1.1.0\druid-1.1.0.jar;C:\Program Files\Java\jdk1.8.0_333\jdk1.8.0_333\jre\..\lib\jconsole.jar;C:\Program Files\Java\jdk1.8.0_333\jdk1.8.0_333\jre\..\lib\tools.jar;C:\Users\RAZER\.m2\repository\com\alibaba\fastjson\1.2.8\fastjson-1.2.8.jar;C:\Users\RAZER\.m2\repository\log4j\log4j\1.2.17\log4j-1.2.17.jar;C:\Users\RAZER\.m2\repository\org\slf4j\slf4j-api\1.7.19\slf4j-api-1.7.19.jar;C:\Users\RAZER\.m2\repository\org\slf4j\slf4j-log4j12\1.7.19\slf4j-log4j12-1.7.19.jar;C:\Users\RAZER\.m2\repository\org\springframework\spring-test\4.3.18.RELEASE\spring-test-4.3.18.RELEASE.jar;C:\Users\RAZER\.m2\repository\org\apache\commons\commons-lang3\3.0\commons-lang3-3.0.jar;C:\Users\RAZER\.m2\repository\javax\validation\validation-api\2.0.1.Final\validation-api-2.0.1.Final.jar;C:\Users\RAZER\.m2\repository\commons-io\commons-io\2.5\commons-io-2.5.jar;C:\Users\RAZER\.m2\repository\cn\hutool\hutool-all\4.0.12\hutool-all-4.0.12.jar;C:\Users\RAZER\.m2\repository\org\apache\tomcat\embed\tomcat-embed-core\9.0.29\tomcat-embed-core-9.0.29.jar;C:\Users\RAZER\.m2\repository\org\apache\tomcat\tomcat-annotations-api\9.0.29\tomcat-annotations-api-9.0.29.jar;C:\Users\RAZER\.m2\repository\commons-beanutils\commons-beanutils\1.8.0\commons-beanutils-1.8.0.jar;C:\Users\RAZER\.m2\repository\commons-logging\commons-logging\1.1.1\commons-logging-1.1.1.jar;C:\Users\RAZER\.m2\repository\com\baidu\aip\java-sdk\4.4.1\java-sdk-4.4.1.jar;C:\Users\RAZER\.m2\repository\org\json\json\20160810\json-20160810.jar;C:\Users\RAZER\.m2\repository\com\fasterxml\jackson\core\jackson-annotations\2.10.1\jackson-annotations-2.10.1.jar;C:\Users\RAZER\.m2\repository\com\fasterxml\jackson\core\jackson-databind\2.10.1\jackson-databind-2.10.1.jar;C:\Users\RAZER\.m2\repository\com\fasterxml\jackson\core\jackson-core\2.10.1\jackson-core-2.10.1.jar;C:\Users\RAZER\.m2\repository\org\codehaus\jackson\jackson-mapper-asl\1.9.13\jackson-mapper-asl-1.9.13.jar;C:\Users\RAZER\.m2\repository\org\codehaus\jackson\jackson-core-asl\1.9.13\jackson-core-asl-1.9.13.jar;C:\Users\RAZER\.m2\repository\org\apache\poi\poi\3.11\poi-3.11.jar;C:\Users\RAZER\.m2\repository\commons-codec\commons-codec\1.9\commons-codec-1.9.jar;C:\Users\RAZER\.m2\repository\org\apache\poi\poi-ooxml\3.9\poi-ooxml-3.9.jar;C:\Users\RAZER\.m2\repository\org\apache\poi\poi-ooxml-schemas\3.9\poi-ooxml-schemas-3.9.jar;C:\Users\RAZER\.m2\repository\org\apache\xmlbeans\xmlbeans\2.3.0\xmlbeans-2.3.0.jar;C:\Users\RAZER\.m2\repository\stax\stax-api\1.0.1\stax-api-1.0.1.jar;C:\Users\RAZER\.m2\repository\dom4j\dom4j\1.6.1\dom4j-1.6.1.jar;C:\Users\RAZER\.m2\repository\xml-apis\xml-apis\1.0.b2\xml-apis-1.0.b2.jar;, user.name=RAZER, java.vm.specification.version=1.8, sun.java.command=C:\Users\RAZER\Desktop\PetPicJournal\PetPicBackend\target\surefire\surefirebooter2684572050030967239.jar C:\Users\RAZER\Desktop\PetPicJournal\PetPicBackend\target\surefire\surefire5528989024803089364tmp C:\Users\RAZER\Desktop\PetPicJournal\PetPicBackend\target\surefire\surefire_03491191789896222500tmp, java.home=C:\Program Files\Java\jdk1.8.0_333\jdk1.8.0_333\jre, sun.arch.data.model=64, user.language=zh, java.specification.vendor=Oracle Corporation, user.language.format=en, awt.toolkit=sun.awt.windows.WToolkit, java.vm.info=mixed mode, java.version=1.8.0_333, java.ext.dirs=C:\Program Files\Java\jdk1.8.0_333\jdk1.8.0_333\jre\lib\ext;C:\WINDOWS\Sun\Java\lib\ext, sun.boot.class.path=C:\Program Files\Java\jdk1.8.0_333\jdk1.8.0_333\jre\lib\resources.jar;C:\Program Files\Java\jdk1.8.0_333\jdk1.8.0_333\jre\lib\rt.jar;C:\Program Files\Java\jdk1.8.0_333\jdk1.8.0_333\jre\lib\sunrsasign.jar;C:\Program Files\Java\jdk1.8.0_333\jdk1.8.0_333\jre\lib\jsse.jar;C:\Program Files\Java\jdk1.8.0_333\jdk1.8.0_333\jre\lib\jce.jar;C:\Program Files\Java\jdk1.8.0_333\jdk1.8.0_333\jre\lib\charsets.jar;C:\Program Files\Java\jdk1.8.0_333\jdk1.8.0_333\jre\lib\jfr.jar;C:\Program Files\Java\jdk1.8.0_333\jdk1.8.0_333\jre\classes, java.vendor=Oracle Corporation, localRepository=C:\Users\RAZER\.m2\repository, file.separator=\, java.vendor.url.bug=http://bugreport.sun.com/bugreport/, sun.io.unicode.encoding=UnicodeLittle, sun.cpu.endian=little, sun.desktop=windows, sun.cpu.isalist=amd64}}, SystemEnvironmentPropertySource@1924227192 {name=&apos;systemEnvironment&apos;, properties={PATH=C:\Program Files\Java\jdk-11\bin;D:\WINDOWS.X64_213000_db_home\bin;C:\Program Files\Common Files\Oracle\Java\javapath;C:\Program Files (x86)\Common Files\Oracle\Java\javapath;D:\py\anaconda3;D:\py\anaconda3\Library\mingw-w64\bin;D:\py\anaconda3\Library\usr\bin;D:\py\anaconda3\Library\bin;D:\py\anaconda3\Scripts;C:\Windows;C:\Program Files\Java\jdk-11\jdk\bin;C:\Program Files\Java\jdk-11\jdk\jre\bin;C:\Users\RAZER\AppData\Roaming\tc\python-3.6.4;C:\Users\RAZER\AppData\Roaming\tc\python-3.6.4\Scripts;C:\Program Files (x86)\Razer Chroma SDK\bin;C:\Program Files\Razer Chroma SDK\bin;C:\Program Files (x86)\VMware\VMware Workstation\bin\;C:\Program Files\Microsoft MPI\Bin\;C:\Program Files (x86)\Razer\ChromaBroadcast\bin;C:\Program Files\Razer\ChromaBroadcast\bin;C:\Windows\system32;C:\Windows\System32\Wbem;C:\Windows\System32\WindowsPowerShell\v1.0\;C:\Windows\System32\OpenSSH\;C:\Program Files (x86)\NVIDIA Corporation\PhysX\Common;C:\Windows\system32\config\systemprofile\AppData\Local\Microsoft\WindowsApps;C:\Program Files\dotnet\;C:\Program Files\Microsoft SQL Server\130\Tools\Binn\;C:\Users\RAZER\AppData\Local\Microsoft\WindowsApps;C:\Users\RAZER\.dotnet\tools;C:\Program Files (x86)\Tencent\΢��web�����߹���\dll;C:\Pro;ram Files\MATLAB\R2022a\bin;C:\WINDOWS\system32;C:\WINDOWS;C:\WINDOWS\System32\Wbem;C:\WINDOWS\System32\WindowsPowerShell\v1.0\;C:\WINDOWS\System32\OpenSSH\;C:\Program Files\Git\cmd;D:\bysj\mysql-5.7.25-winx64\bin;;C:\Program Files\NVIDIA Corporation\NVIDIA NvDLISR;C:\Users\RAZER\AppData\Local\Programs\Python\Python311\Scripts\;C:\Users\RAZER\AppData\Local\Programs\Python\Python311\;C:\Users\RAZER\AppData\Roaming\tc\python-3.6.4;C:\Users\RAZER\AppData\Roaming\tc\python-3.6.4\Scripts;C:\Users\RAZER\AppData\Local\Microsoft\WindowsApps;C:\Users\RAZER\.dotnet\tools;C:\Users\RAZER\AppData\Local\Programs\Microsoft VS Code\bin;C:\Users\RAZER\AppData\Local\GitHubDesktop\bin;;D:\py\PyCharm Community Edition 2022.2.4\bin;;%PyCharm%, USERDOMAIN_ROAMINGPROFILE=LAPTOP-A7S63IPP, PROCESSOR_LEVEL=6, SYSTEMDRIVE=C:, SESSIONNAME=Console, ALLUSERSPROFILE=C:\ProgramData, PROCESSOR_ARCHITECTURE=AMD64, DRIVERDATA=C:\Windows\System32\Drivers\DriverData, PROGRAMFILES=C:\Program Files, PSMODULEPATH=C:\Program Files\WindowsPowerShell\Modules;C:\WINDOWS\system32\WindowsPowerShell\v1.0\Modules, PROGRAMDATA=C:\ProgramData, USERNAME=RAZER, ONEDRIVE=C:\Users\RAZER\OneDrive, PATHEXT=.COM;.EXE;.BAT;.CMD;.VBS;.VBE;.JS;.JSE;.WSF;.WSH;.MSC, ONEDRIVECONSUMER=C:\Users\RAZER\OneDrive, WINDIR=C:\WINDOWS, HOMEPATH=\Users\RAZER, PROCESSOR_IDENTIFIER=Intel64 Family 6 Model 154 Stepping 3, GenuineIntel, PUBLIC=C:\Users\Public, =::=::\, NVVFX_MODEL_DIR=C:\Program Files\NVIDIA Corporation\NVIDIA Video Effects\models, ZES_ENABLE_SYSMAN=1, PYCHARM COMMUNITY EDITION=D:\py\PyCharm Community Edition 2022.2.4\bin;, LOCALAPPDATA=C:\Users\RAZER\AppData\Local, MSMPI_BIN=C:\Program Files\Microsoft MPI\Bin\, COMMONPROGRAMFILES(X86)=C:\Program Files (x86)\Common Files, USERDOMAIN=LAPTOP-A7S63IPP, LOGONSERVER=\\LAPTOP-A7S63IPP, JAVA_HOME=C:\Program Files\Java\jdk-11\jdk, PROMPT=$P$G, PROGRAMFILES(X86)=C:\Program Files (x86), =C:=C:\Users\RAZER\Desktop\PetPicJournal\PetPicBackend, APPDATA=C:\Users\RAZER\AppData\Roaming, PROGRAMW6432=C:\Program Files, SYSTEMROOT=C:\WINDOWS, OS=Windows_NT, COMMONPROGRAMW6432=C:\Program Files\Common Files, COMPUTERNAME=LAPTOP-A7S63IPP, COMMONPROGRAMFILES=C:\Program Files\Common Files, COMSPEC=C:\WINDOWS\system32\cmd.exe, EFC_35708=1, PROCESSOR_REVISION=9a03, CLASSPATH=.;C:\Program Files\Java\jdk-11\jdk\lib\dt.jar;C:\Program Files\Java\jdk-11\jdklib\tools.jar, TEMP=C:\Users\RAZER\AppData\Local\Temp, HOMEDRIVE=C:, USERPROFILE=C:\Users\RAZER, TMP=C:\Users\RAZER\AppData\Local\Temp, NUMBER_OF_PROCESSORS=20, IDEA_INITIAL_DIRECTORY=C:\Users\RAZER\Desktop}}]
01:23:48.756 [main] INFO org.springframework.beans.factory.xml.XmlBeanDefinitionReader - Loading XML bean definitions from class path resource [org/springframework/jdbc/support/sql-error-codes.xml]
01:23:48.756 [main] DEBUG org.springframework.beans.factory.xml.DefaultDocumentLoader - Using JAXP provider [com.sun.org.apache.xerces.internal.jaxp.DocumentBuilderFactoryImpl]
01:23:48.757 [main] DEBUG org.springframework.beans.factory.xml.BeansDtdResolver - Found beans DTD [http://www.springframework.org/dtd/spring-beans-2.0.dtd] in classpath: spring-beans.dtd
01:23:48.759 [main] DEBUG org.springframework.beans.factory.xml.DefaultBeanDefinitionDocumentReader - Loading bean definitions
01:23:48.763 [main] DEBUG org.springframework.beans.factory.support.DefaultListableBeanFactory - Creating shared instance of singleton bean &apos;DB2&apos;
01:23:48.763 [main] DEBUG org.springframework.beans.factory.support.DefaultListableBeanFactory - Creating instance of bean &apos;DB2&apos;
01:23:48.763 [main] DEBUG org.springframework.beans.factory.support.DefaultListableBeanFactory - Eagerly caching bean &apos;DB2&apos; to allow for resolving potential circular references
01:23:48.767 [main] DEBUG org.springframework.beans.factory.support.DefaultListableBeanFactory - Finished creating instance of bean &apos;DB2&apos;
01:23:48.767 [main] DEBUG org.springframework.beans.factory.support.DefaultListableBeanFactory - Creating shared instance of singleton bean &apos;Derby&apos;
01:23:48.767 [main] DEBUG org.springframework.beans.factory.support.DefaultListableBeanFactory - Creating instance of bean &apos;Derby&apos;
01:23:48.767 [main] DEBUG org.springframework.beans.factory.support.DefaultListableBeanFactory - Eagerly caching bean &apos;Derby&apos; to allow for resolving potential circular references
01:23:48.768 [main] DEBUG org.springframework.beans.factory.support.DefaultListableBeanFactory - Finished creating instance of bean &apos;Derby&apos;
01:23:48.768 [main] DEBUG org.springframework.beans.factory.support.DefaultListableBeanFactory - Creating shared instance of singleton bean &apos;H2&apos;
01:23:48.768 [main] DEBUG org.springframework.beans.factory.support.DefaultListableBeanFactory - Creating instance of bean &apos;H2&apos;
01:23:48.768 [main] DEBUG org.springframework.beans.factory.support.DefaultListableBeanFactory - Eagerly caching bean &apos;H2&apos; to allow for resolving potential circular references
01:23:48.768 [main] DEBUG org.springframework.beans.factory.support.DefaultListableBeanFactory - Finished creating instance of bean &apos;H2&apos;
01:23:48.768 [main] DEBUG org.springframework.beans.factory.support.DefaultListableBeanFactory - Creating shared instance of singleton bean &apos;HSQL&apos;
01:23:48.768 [main] DEBUG org.springframework.beans.factory.support.DefaultListableBeanFactory - Creating instance of bean &apos;HSQL&apos;
01:23:48.769 [main] DEBUG org.springframework.beans.factory.support.DefaultListableBeanFactory - Eagerly caching bean &apos;HSQL&apos; to allow for resolving potential circular references
01:23:48.769 [main] DEBUG org.springframework.beans.factory.support.DefaultListableBeanFactory - Finished creating instance of bean &apos;HSQL&apos;
01:23:48.769 [main] DEBUG org.springframework.beans.factory.support.DefaultListableBeanFactory - Creating shared instance of singleton bean &apos;Informix&apos;
01:23:48.769 [main] DEBUG org.springframework.beans.factory.support.DefaultListableBeanFactory - Creating instance of bean &apos;Informix&apos;
01:23:48.769 [main] DEBUG org.springframework.beans.factory.support.DefaultListableBeanFactory - Eagerly caching bean &apos;Informix&apos; to allow for resolving potential circular references
01:23:48.769 [main] DEBUG org.springframework.beans.factory.support.DefaultListableBeanFactory - Finished creating instance of bean &apos;Informix&apos;
01:23:48.769 [main] DEBUG org.springframework.beans.factory.support.DefaultListableBeanFactory - Creating shared instance of singleton bean &apos;MS-SQL&apos;
01:23:48.769 [main] DEBUG org.springframework.beans.factory.support.DefaultListableBeanFactory - Creating instance of bean &apos;MS-SQL&apos;
01:23:48.769 [main] DEBUG org.springframework.beans.factory.support.DefaultListableBeanFactory - Eagerly caching bean &apos;MS-SQL&apos; to allow for resolving potential circular references
01:23:48.770 [main] DEBUG org.springframework.beans.factory.support.DefaultListableBeanFactory - Finished creating instance of bean &apos;MS-SQL&apos;
01:23:48.770 [main] DEBUG org.springframework.beans.factory.support.DefaultListableBeanFactory - Creating shared instance of singleton bean &apos;MySQL&apos;
01:23:48.770 [main] DEBUG org.springframework.beans.factory.support.DefaultListableBeanFactory - Creating instance of bean &apos;MySQL&apos;
01:23:48.770 [main] DEBUG org.springframework.beans.factory.support.DefaultListableBeanFactory - Eagerly caching bean &apos;MySQL&apos; to allow for resolving potential circular references
01:23:48.770 [main] DEBUG org.springframework.beans.factory.support.DefaultListableBeanFactory - Finished creating instance of bean &apos;MySQL&apos;
01:23:48.770 [main] DEBUG org.springframework.beans.factory.support.DefaultListableBeanFactory - Creating shared instance of singleton bean &apos;Oracle&apos;
01:23:48.770 [main] DEBUG org.springframework.beans.factory.support.DefaultListableBeanFactory - Creating instance of bean &apos;Oracle&apos;
01:23:48.770 [main] DEBUG org.springframework.beans.factory.support.DefaultListableBeanFactory - Eagerly caching bean &apos;Oracle&apos; to allow for resolving potential circular references
01:23:48.770 [main] DEBUG org.springframework.beans.factory.support.DefaultListableBeanFactory - Finished creating instance of bean &apos;Oracle&apos;
01:23:48.770 [main] DEBUG org.springframework.beans.factory.support.DefaultListableBeanFactory - Creating shared instance of singleton bean &apos;PostgreSQL&apos;
01:23:48.770 [main] DEBUG org.springframework.beans.factory.support.DefaultListableBeanFactory - Creating instance of bean &apos;PostgreSQL&apos;
01:23:48.770 [main] DEBUG org.springframework.beans.factory.support.DefaultListableBeanFactory - Eagerly caching bean &apos;PostgreSQL&apos; to allow for resolving potential circular references
01:23:48.770 [main] DEBUG org.springframework.beans.factory.support.DefaultListableBeanFactory - Finished creating instance of bean &apos;PostgreSQL&apos;
01:23:48.770 [main] DEBUG org.springframework.beans.factory.support.DefaultListableBeanFactory - Creating shared instance of singleton bean &apos;Sybase&apos;
01:23:48.770 [main] DEBUG org.springframework.beans.factory.support.DefaultListableBeanFactory - Creating instance of bean &apos;Sybase&apos;
01:23:48.770 [main] DEBUG org.springframework.beans.factory.support.DefaultListableBeanFactory - Eagerly caching bean &apos;Sybase&apos; to allow for resolving potential circular references
01:23:48.770 [main] DEBUG org.springframework.beans.factory.support.DefaultListableBeanFactory - Finished creating instance of bean &apos;Sybase&apos;
01:23:48.770 [main] DEBUG org.springframework.beans.factory.support.DefaultListableBeanFactory - Creating shared instance of singleton bean &apos;Hana&apos;
01:23:48.770 [main] DEBUG org.springframework.beans.factory.support.DefaultListableBeanFactory - Creating instance of bean &apos;Hana&apos;
01:23:48.770 [main] DEBUG org.springframework.beans.factory.support.DefaultListableBeanFactory - Eagerly caching bean &apos;Hana&apos; to allow for resolving potential circular references
01:23:48.771 [main] DEBUG org.springframework.beans.factory.support.DefaultListableBeanFactory - Finished creating instance of bean &apos;Hana&apos;
01:23:48.771 [main] INFO org.springframework.jdbc.support.SQLErrorCodesFactory - SQLErrorCodes loaded: [DB2, Derby, H2, HSQL, Informix, MS-SQL, MySQL, Oracle, PostgreSQL, Sybase, Hana]
01:23:48.771 [main] DEBUG org.springframework.jdbc.support.SQLErrorCodesFactory - Looking up default SQLErrorCodes for DataSource [com.alibaba.druid.pool.DruidDataSource@6a988392]
01:23:48.774 [main] DEBUG org.springframework.jdbc.datasource.DataSourceUtils - Fetching JDBC Connection from DataSource
01:23:48.774 [main] DEBUG org.springframework.jdbc.datasource.DataSourceUtils - Returning JDBC Connection to DataSource
01:23:48.775 [main] DEBUG org.springframework.jdbc.support.SQLErrorCodesFactory - SQL error codes for &apos;MySQL&apos; found
01:23:48.775 [main] DEBUG org.springframework.jdbc.support.SQLErrorCodesFactory - Caching SQL error codes for DataSource [com.alibaba.druid.pool.DruidDataSource@6a988392]: database product name is &apos;MySQL&apos;
01:23:48.775 [main] DEBUG org.springframework.jdbc.support.SQLErrorCodeSQLExceptionTranslator - Translating SQLException with SQL state &apos;42S02&apos;, error code &apos;1146&apos;, message [Table &apos;ssm85bqd1pj.imageclass&apos; doesn&apos;t exist] for task [
### Error querying database.  Cause: java.sql.SQLSyntaxErrorException: Table &apos;ssm85bqd1pj.imageclass&apos; doesn&apos;t exist
### The error may exist in com/dao/ImageClassDao.java (best guess)
### The error may involve defaultParameterMap
### The error occurred while setting parameters
### SQL: SELECT id AS id,imageclass,addtime FROM imageclass WHERE id=?
### Cause: java.sql.SQLSyntaxErrorException: Table &apos;ssm85bqd1pj.imageclass&apos; doesn&apos;t exist
]
</system-out>
  </testcase>
</testsuite>